Crible modulaire actif sur les modules : 16, 5, 7, 11
Seuil de conservation : 6/9 (donc 3 carres parmi les 6 cases derivees)
Generation des triplets (A,E,J) avec E <= 5000...
  [    0.3s]        1,000 triplets traites  (2,969/s)  meilleur total : 7/9
  [    0.3s]        2,000 triplets traites  (5,938/s)  meilleur total : 7/9
  [    0.3s]        3,000 triplets traites  (8,906/s)  meilleur total : 7/9
  [    0.3s]        3,681 triplets traites  (10,928/s)  meilleur total : 7/9
  [    0.3s]        4,681 triplets traites  (13,897/s)  meilleur total : 7/9
  [    0.3s]        5,681 triplets traites  (16,866/s)  meilleur total : 7/9

Termine en 0.3s -- 5,681 triplets traites.
Deduplication : 31 multiple(s) trivial(aux) retire(s) (55 -> 24).

Statistiques de rejet / survie :
  reject_gap             : 156
  reject_ok              : 5,473
  triplets_seen          : 5,681
  triplets_with_results  : 52

Nombre de configurations distinctes avec total >= 6 : 24
Repartition par total de carres (sur 9) : {6: 23, 7: 1}

Meilleur total trouve : 7/9
Egale le record connu (7/9).

Detail des 20 meilleurs resultats :

  A=205 E=425 J=565  q=41496  -> total 7/9  mask=111010
      b(r+q)          = 222121 (non-carre)
      i(r-q)          = 373^2
      top(r+p+q)      = 360721 (non-carre)
      edge(r+p-q)     = 527^2
      edge(r-p+q)     = 289^2
      bottom(r-p-q)   = 23^2

  A=17 E=25 J=31  q=264  -> total 6/9  mask=100110
      (multiples triviaux aussi presents a l'echelle k=2,3,4,5,6,7,8,9,10,11,12,13 -- non affiches)
      b(r+q)          = 889 (non-carre)
      i(r-q)          = 19^2
      top(r+p+q)      = 35^2
      edge(r+p-q)     = 697 (non-carre)
      edge(r-p+q)     = 553 (non-carre)
      bottom(r-p-q)   = 5^2

  A=23 E=37 J=47  q=528  -> total 6/9  mask=101010
      (multiples triviaux aussi presents a l'echelle k=2,3,4,5,6,7,8,9 -- non affiches)
      b(r+q)          = 1897 (non-carre)
      i(r-q)          = 29^2
      top(r+p+q)      = 2737 (non-carre)
      edge(r+p-q)     = 41^2
      edge(r-p+q)     = 1057 (non-carre)
      bottom(r-p-q)   = 1^2

  A=71 E=281 J=391  q=3885  -> total 6/9  mask=101010
      (multiples triviaux aussi presents a l'echelle k=2,3 -- non affiches)
      b(r+q)          = 82846 (non-carre)
      i(r-q)          = 274^2
      top(r+p+q)      = 156766 (non-carre)
      edge(r+p-q)     = 386^2
      edge(r-p+q)     = 8926 (non-carre)
      bottom(r-p-q)   = 34^2

  A=91 E=221 J=299  q=5880  -> total 6/9  mask=111000
      (multiples triviaux aussi presents a l'echelle k=2 -- non affiches)
      b(r+q)          = 54721 (non-carre)
      i(r-q)          = 42961 (non-carre)
      top(r+p+q)      = 95281 (non-carre)
      edge(r+p-q)     = 289^2
      edge(r-p+q)     = 119^2
      bottom(r-p-q)   = 49^2

  A=97 E=113 J=127  q=7293  -> total 6/9  mask=101010
      (multiples triviaux aussi presents a l'echelle k=2 -- non affiches)
      b(r+q)          = 20062 (non-carre)
      i(r-q)          = 74^2
      top(r+p+q)      = 23422 (non-carre)
      edge(r+p-q)     = 94^2
      edge(r-p+q)     = 16702 (non-carre)
      bottom(r-p-q)   = 46^2

  A=97 E=113 J=127  q=9405  -> total 6/9  mask=101010
      (multiples triviaux aussi presents a l'echelle k=2 -- non affiches)
      b(r+q)          = 22174 (non-carre)
      i(r-q)          = 58^2
      top(r+p+q)      = 25534 (non-carre)
      edge(r+p-q)     = 82^2
      edge(r-p+q)     = 18814 (non-carre)
      bottom(r-p-q)   = 2^2

  A=98 E=122 J=142  q=9555  -> total 6/9  mask=101010
      (multiples triviaux aussi presents a l'echelle k=2 -- non affiches)
      b(r+q)          = 24439 (non-carre)
      i(r-q)          = 73^2
      top(r+p+q)      = 29719 (non-carre)
      edge(r+p-q)     = 103^2
      edge(r-p+q)     = 19159 (non-carre)
      bottom(r-p-q)   = 7^2

  A=103 E=233 J=313  q=6765  -> total 6/9  mask=101010
      (multiples triviaux aussi presents a l'echelle k=2 -- non affiches)
      b(r+q)          = 61054 (non-carre)
      i(r-q)          = 218^2
      top(r+p+q)      = 104734 (non-carre)
      edge(r+p-q)     = 302^2
      edge(r-p+q)     = 17374 (non-carre)
      bottom(r-p-q)   = 62^2

  A=113 E=173 J=217  q=3360  -> total 6/9  mask=110010
      (multiples triviaux aussi presents a l'echelle k=2,3 -- non affiches)
      b(r+q)          = 33289 (non-carre)
      i(r-q)          = 163^2
      top(r+p+q)      = 50449 (non-carre)
      edge(r+p-q)     = 43729 (non-carre)
      edge(r-p+q)     = 127^2
      bottom(r-p-q)   = 97^2

  A=119 E=145 J=167  q=11760  -> total 6/9  mask=111000
      (multiples triviaux aussi presents a l'echelle k=2 -- non affiches)
      b(r+q)          = 32785 (non-carre)
      i(r-q)          = 9265 (non-carre)
      top(r+p+q)      = 39649 (non-carre)
      edge(r+p-q)     = 127^2
      edge(r-p+q)     = 161^2
      bottom(r-p-q)   = 49^2

  A=119 E=145 J=167  q=14136  -> total 6/9  mask=100110
      b(r+q)          = 35161 (non-carre)
      i(r-q)          = 83^2
      top(r+p+q)      = 205^2
      edge(r+p-q)     = 13753 (non-carre)
      edge(r-p+q)     = 28297 (non-carre)
      bottom(r-p-q)   = 5^2

  A=119 E=185 J=233  q=11760  -> total 6/9  mask=110100
      (multiples triviaux aussi presents a l'echelle k=2 -- non affiches)
      b(r+q)          = 45985 (non-carre)
      i(r-q)          = 22465 (non-carre)
      top(r+p+q)      = 257^2
      edge(r+p-q)     = 42529 (non-carre)
      edge(r-p+q)     = 161^2
      bottom(r-p-q)   = 49^2

  A=137 E=305 J=409  q=18480  -> total 6/9  mask=110100
      b(r+q)          = 111505 (non-carre)
      i(r-q)          = 74545 (non-carre)
      top(r+p+q)      = 431^2
      edge(r+p-q)     = 148801 (non-carre)
      edge(r-p+q)     = 193^2
      bottom(r-p-q)   = 17^2

  A=167 E=197 J=223  q=26928  -> total 6/9  mask=101010
      b(r+q)          = 65737 (non-carre)
      i(r-q)          = 109^2
      top(r+p+q)      = 76657 (non-carre)
      edge(r+p-q)     = 151^2
      edge(r-p+q)     = 54817 (non-carre)
      bottom(r-p-q)   = 31^2

  A=199 E=221 J=241  q=38640  -> total 6/9  mask=100110
      b(r+q)          = 87481 (non-carre)
      i(r-q)          = 101^2
      top(r+p+q)      = 311^2
      edge(r+p-q)     = 19441 (non-carre)
      edge(r-p+q)     = 78241 (non-carre)
      bottom(r-p-q)   = 31^2

  A=205 E=445 J=595  q=31416  -> total 6/9  mask=110001
      b(r+q)          = 479^2
      i(r-q)          = 166609 (non-carre)
      top(r+p+q)      = 385441 (non-carre)
      edge(r+p-q)     = 322609 (non-carre)
      edge(r-p+q)     = 271^2
      bottom(r-p-q)   = 103^2

  A=239 E=509 J=679  q=37240  -> total 6/9  mask=101010
      b(r+q)          = 296321 (non-carre)
      i(r-q)          = 471^2
      top(r+p+q)      = 498281 (non-carre)
      edge(r+p-q)     = 651^2
      edge(r-p+q)     = 94361 (non-carre)
      bottom(r-p-q)   = 141^2

  A=241 E=265 J=287  q=35280  -> total 6/9  mask=101100
      b(r+q)          = 105505 (non-carre)
      i(r-q)          = 34945 (non-carre)
      top(r+p+q)      = 343^2
      edge(r+p-q)     = 217^2
      edge(r-p+q)     = 93361 (non-carre)
      bottom(r-p-q)   = 151^2

  A=263 E=725 J=991  q=48144  -> total 6/9  mask=100110
      b(r+q)          = 573769 (non-carre)
      i(r-q)          = 691^2
      top(r+p+q)      = 1015^2
      edge(r+p-q)     = 933937 (non-carre)
      edge(r-p+q)     = 117313 (non-carre)
      bottom(r-p-q)   = 145^2

Resultats deja ecrits au fur et a mesure dans : results/raw/2026-07-08_P0_E5000_q50000_T6_W4_M16-5-7-11.csv
