Crible modulaire actif sur les modules : 16, 5, 7, 11
Seuil de conservation : 7/9 (donc 4 carres parmi les 6 cases derivees)
Generation des triplets (A,E,J) avec E <= 50000...
  [    0.8s]       36,000 triplets traites  (44,559/s)  meilleur total : 7/9
  [    0.8s]       38,000 triplets traites  (47,034/s)  meilleur total : 7/9
  [    0.8s]       40,000 triplets traites  (49,510/s)  meilleur total : 7/9
  [    0.8s]       42,000 triplets traites  (51,985/s)  meilleur total : 7/9
  [    0.8s]       44,000 triplets traites  (54,461/s)  meilleur total : 7/9
  [    0.8s]       46,000 triplets traites  (56,936/s)  meilleur total : 7/9
  [    0.8s]       48,000 triplets traites  (59,412/s)  meilleur total : 7/9
  [    0.8s]       50,000 triplets traites  (61,887/s)  meilleur total : 7/9
  [    0.8s]       52,000 triplets traites  (64,363/s)  meilleur total : 7/9
  [    0.8s]       54,000 triplets traites  (66,838/s)  meilleur total : 7/9
  [    0.8s]       56,000 triplets traites  (69,314/s)  meilleur total : 7/9
  [    0.8s]       58,000 triplets traites  (71,789/s)  meilleur total : 7/9
  [    0.8s]       60,000 triplets traites  (74,265/s)  meilleur total : 7/9
  [    0.8s]       62,000 triplets traites  (76,740/s)  meilleur total : 7/9
  [    0.8s]       64,000 triplets traites  (79,216/s)  meilleur total : 7/9
  [    0.8s]       66,000 triplets traites  (81,691/s)  meilleur total : 7/9
  [    0.8s]       68,000 triplets traites  (84,167/s)  meilleur total : 7/9
  [    0.8s]       69,196 triplets traites  (85,647/s)  meilleur total : 7/9
  [    0.8s]       71,196 triplets traites  (88,123/s)  meilleur total : 7/9
  [    0.8s]       73,196 triplets traites  (90,598/s)  meilleur total : 7/9
  [    0.8s]       75,196 triplets traites  (93,074/s)  meilleur total : 7/9

Termine en 0.8s -- 75,196 triplets traites.

Statistiques de rejet / survie :
  reject_gap             : 674
  reject_ok              : 25,716
  reject_sparse_empty    : 48,805
  triplets_seen          : 75,196
  triplets_with_results  : 1

Nombre de configurations distinctes avec total >= 7 : 1
Repartition par total de carres (sur 9) : {7: 1}

Meilleur total trouve : 7/9
Egale le record connu (7/9).

Detail des 1 meilleurs resultats :

  A=205 E=425 J=565  q=41496  -> total 7/9  mask=111010
      b(r+q)          = 222121 (non-carre)
      i(r-q)          = 373^2
      top(r+p+q)      = 360721 (non-carre)
      edge(r+p-q)     = 527^2
      edge(r-p+q)     = 289^2
      bottom(r-p-q)   = 23^2

Resultats deja ecrits au fur et a mesure dans : results/raw/2026-07-08_P2_E50000_q100000_T7_W8_M16-5-7-11.csv
