PS C:\dev\mystimath\conjectura\magic-square-of-squares-3x3> python src/search_non_square_center_v2_2_safe.py `
>>   --resource-profile home16_balanced `
>>   --search-mode relaxed7 `
>>   --center-mode non-square `
>>   --max-root 50000 `
>>   --min-total 7 `
>>   --min-offsets-relaxed 3 `
>>   --primitive-only `
>>   --distinct-roots `
>>   --clean-tmp `
>>   --tmp-dir tmp\b2_v2_2_relaxed7_non_square_R50000 `
>>   --out results\raw\b2_v2_2_relaxed7_non_square_R50000.csv `
>>   --summary-json logs\B2_v2_2_relaxed7_non_square_R50000_summary.json
Recherche B2 v2.2 SAFE / HYBRIDE
  max-root              : 50,000
  search-mode           : relaxed7
  center-mode           : non-square
  min-total             : 7
  workers pass1         : 7
  workers reduce        : 4
  workers pass2         : 2
  workers recombine     : 5
  x-batch-size          : 768
  shard-size            : 10,000,000
  moduli                : 127, 131, 137
  min-offsets exact     : 4
  min-offsets relaxed   : 3
  max-selected-centers  : 3,000,000
  max-tmp-gb            : 160.0
  min-free-gb           : 70.0
  cleanup-partials      : True
  primitive-only        : True
  distinct-roots        : True
  tmp-dir               : tmp\b2_v2_2_relaxed7_non_square_R50000
  out                   : results\raw\b2_v2_2_relaxed7_non_square_R50000.csv
[Préflight] Espace disque libre : 716.1 Go
[Pass 1A] Génération parallèle des agrégats compacts par centre...
  worker done: pairs=12,748,215  partial_rows=12,648,899  x_done=7,142
  worker done: pairs=38,258,469  partial_rows=37,808,091  x_done=7,143
  worker done: pairs=63,768,203  partial_rows=62,807,106  x_done=7,143
  worker done: pairs=89,277,316  partial_rows=87,608,396  x_done=7,143
  worker done: pairs=114,785,294  partial_rows=112,166,456  x_done=7,143
  worker done: pairs=140,292,080  partial_rows=136,296,281  x_done=7,143
  worker done: pairs=165,788,477  partial_rows=159,647,562  x_done=7,143
[Pass 1A terminé] durée=730.5s
[Pass 1B] Réduction par shard et sélection des centres survivants...
  shard reduce 1/250: centers=1,981,401  selected=346,143
  shard reduce 2/250: centers=1,893,015  selected=366,039
  shard reduce 3/250: centers=1,863,413  selected=372,443
  shard reduce 4/250: centers=1,844,959  selected=376,134
  shard reduce 5/250: centers=1,831,491  selected=378,936
  shard reduce 6/250: centers=1,820,962  selected=381,126
  shard reduce 7/250: centers=1,812,453  selected=382,721
  shard reduce 8/250: centers=1,805,226  selected=384,471
  shard reduce 9/250: centers=1,798,934  selected=385,419
  shard reduce 10/250: centers=1,793,408  selected=386,769
  shard reduce 11/250: centers=1,788,488  selected=387,675
  shard reduce 12/250: centers=1,783,961  selected=388,376
  shard reduce 13/250: centers=1,780,061  selected=389,215
  shard reduce 14/250: centers=1,776,291  selected=389,961
  shard reduce 15/250: centers=1,772,943  selected=390,602
  shard reduce 16/250: centers=1,769,609  selected=391,405
  shard reduce 17/250: centers=1,766,748  selected=391,845
  shard reduce 18/250: centers=1,764,029  selected=392,398
  shard reduce 19/250: centers=1,761,341  selected=392,886
  shard reduce 20/250: centers=1,758,818  selected=393,304
  shard reduce 21/250: centers=1,756,567  selected=393,725
  shard reduce 22/250: centers=1,754,507  selected=394,301
  shard reduce 23/250: centers=1,752,138  selected=394,614
  shard reduce 24/250: centers=1,750,317  selected=394,955
  shard reduce 25/250: centers=1,748,392  selected=395,095
  shard reduce 26/250: centers=1,746,602  selected=395,812
  shard reduce 27/250: centers=1,744,889  selected=396,261
  shard reduce 28/250: centers=1,743,037  selected=396,263
  shard reduce 29/250: centers=1,741,415  selected=396,568
  shard reduce 30/250: centers=1,739,923  selected=396,963
  shard reduce 31/250: centers=1,738,526  selected=397,453
  shard reduce 32/250: centers=1,736,892  selected=397,440
  shard reduce 33/250: centers=1,735,611  selected=397,472
  shard reduce 34/250: centers=1,734,139  selected=398,163
  shard reduce 35/250: centers=1,732,869  selected=398,219
  shard reduce 36/250: centers=1,731,618  selected=398,490
  shard reduce 37/250: centers=1,730,410  selected=398,514
  shard reduce 38/250: centers=1,729,249  selected=399,018
  shard reduce 39/250: centers=1,728,055  selected=398,897
  shard reduce 40/250: centers=1,726,852  selected=399,491
  shard reduce 41/250: centers=1,725,867  selected=399,499
  shard reduce 42/250: centers=1,724,677  selected=399,517
  shard reduce 43/250: centers=1,723,722  selected=400,154
  shard reduce 44/250: centers=1,722,625  selected=400,042
  shard reduce 45/250: centers=1,721,860  selected=400,745
  shard reduce 46/250: centers=1,720,465  selected=400,305
  shard reduce 47/250: centers=1,719,704  selected=400,380
  shard reduce 48/250: centers=1,718,842  selected=400,941
  shard reduce 49/250: centers=1,717,915  selected=400,759
  shard reduce 50/250: centers=1,716,970  selected=400,901
  shard reduce 51/250: centers=1,716,165  selected=401,175
  shard reduce 52/250: centers=1,715,357  selected=401,678
  shard reduce 53/250: centers=1,714,613  selected=401,713
  shard reduce 54/250: centers=1,713,711  selected=401,825
  shard reduce 55/250: centers=1,712,881  selected=401,878
  shard reduce 56/250: centers=1,712,074  selected=402,064
  shard reduce 57/250: centers=1,711,151  selected=402,227
  shard reduce 58/250: centers=1,710,755  selected=402,417
  shard reduce 59/250: centers=1,709,789  selected=402,980
  shard reduce 60/250: centers=1,709,103  selected=402,416
  shard reduce 61/250: centers=1,708,499  selected=402,509
  shard reduce 62/250: centers=1,707,625  selected=402,986
  shard reduce 63/250: centers=1,706,971  selected=403,062
  shard reduce 64/250: centers=1,706,243  selected=402,918
  shard reduce 65/250: centers=1,705,624  selected=402,975
  shard reduce 66/250: centers=1,705,093  selected=403,015
  shard reduce 67/250: centers=1,704,363  selected=403,552
  shard reduce 68/250: centers=1,703,778  selected=403,538
  shard reduce 69/250: centers=1,703,038  selected=404,018
  shard reduce 70/250: centers=1,702,457  selected=403,520
  shard reduce 71/250: centers=1,701,949  selected=404,025
  shard reduce 72/250: centers=1,701,287  selected=403,727
  shard reduce 73/250: centers=1,700,705  selected=403,904
  shard reduce 74/250: centers=1,700,005  selected=404,311
  shard reduce 75/250: centers=1,699,512  selected=404,209
  shard reduce 76/250: centers=1,699,016  selected=404,835
  shard reduce 77/250: centers=1,698,491  selected=404,499
  shard reduce 78/250: centers=1,697,982  selected=404,129
  shard reduce 79/250: centers=1,697,510  selected=404,589
  shard reduce 80/250: centers=1,696,721  selected=405,236
  shard reduce 81/250: centers=1,696,454  selected=404,889
  shard reduce 82/250: centers=1,695,719  selected=404,985
  shard reduce 83/250: centers=1,695,242  selected=405,214
  shard reduce 84/250: centers=1,694,841  selected=404,858
  shard reduce 85/250: centers=1,694,341  selected=405,235
  shard reduce 86/250: centers=1,693,740  selected=405,384
  shard reduce 87/250: centers=1,693,270  selected=405,401
  shard reduce 88/250: centers=1,692,863  selected=405,218
  shard reduce 89/250: centers=1,692,341  selected=405,675
  shard reduce 90/250: centers=1,692,087  selected=405,558
  shard reduce 91/250: centers=1,691,395  selected=405,904
  shard reduce 92/250: centers=1,690,813  selected=406,124
  shard reduce 93/250: centers=1,690,556  selected=405,667
  shard reduce 94/250: centers=1,690,071  selected=405,879
  shard reduce 95/250: centers=1,689,790  selected=405,593
  shard reduce 96/250: centers=1,689,096  selected=406,730
  shard reduce 97/250: centers=1,688,925  selected=406,142
  shard reduce 98/250: centers=1,688,295  selected=406,024
  shard reduce 99/250: centers=1,687,879  selected=406,357
  shard reduce 100/250: centers=1,687,479  selected=406,285
  shard reduce 101/250: centers=1,686,868  selected=406,642
  shard reduce 102/250: centers=1,687,071  selected=406,296
  shard reduce 103/250: centers=1,686,306  selected=406,466
  shard reduce 104/250: centers=1,685,765  selected=406,940
  shard reduce 105/250: centers=1,685,517  selected=406,920
  shard reduce 106/250: centers=1,685,118  selected=406,629
  shard reduce 107/250: centers=1,684,655  selected=407,076
  shard reduce 108/250: centers=1,684,450  selected=406,803
  shard reduce 109/250: centers=1,683,672  selected=406,933
  shard reduce 110/250: centers=1,683,967  selected=406,971
  shard reduce 111/250: centers=1,683,093  selected=407,091
  shard reduce 112/250: centers=1,682,942  selected=407,299
  shard reduce 113/250: centers=1,682,369  selected=407,088
  shard reduce 114/250: centers=1,681,968  selected=407,528
  shard reduce 115/250: centers=1,681,854  selected=407,292
  shard reduce 116/250: centers=1,681,612  selected=407,524
  shard reduce 117/250: centers=1,680,925  selected=408,192
  shard reduce 118/250: centers=1,680,738  selected=407,626
  shard reduce 119/250: centers=1,680,279  selected=407,677
  shard reduce 120/250: centers=1,680,091  selected=407,539
  shard reduce 121/250: centers=1,679,715  selected=407,543
  shard reduce 122/250: centers=1,679,348  selected=408,027
  shard reduce 123/250: centers=1,678,988  selected=407,667
  shard reduce 124/250: centers=1,678,760  selected=408,064
  shard reduce 125/250: centers=1,589,470  selected=374,649
  shard reduce 126/250: centers=1,631,843  selected=394,293
  shard reduce 127/250: centers=1,560,111  selected=356,022
  shard reduce 128/250: centers=1,678,023  selected=408,192
  shard reduce 129/250: centers=1,534,944  selected=339,690
  shard reduce 130/250: centers=1,471,296  selected=293,620
  shard reduce 131/250: centers=1,512,446  selected=324,338
  shard reduce 132/250: centers=1,491,502  selected=308,769
  shard reduce 133/250: centers=1,399,486  selected=240,394
  shard reduce 134/250: centers=1,416,524  selected=253,379
  shard reduce 135/250: centers=1,452,604  selected=280,329
  shard reduce 136/250: centers=1,434,121  selected=266,239
  shard reduce 137/250: centers=1,335,357  selected=196,210
  shard reduce 138/250: centers=1,366,935  selected=216,971
  shard reduce 139/250: centers=1,351,181  selected=205,965
  shard reduce 140/250: centers=1,382,419  selected=229,038
  shard reduce 141/250: centers=1,288,040  selected=172,437
  shard reduce 142/250: centers=1,273,229  selected=164,986
  shard reduce 143/250: centers=1,319,160  selected=188,688
  shard reduce 144/250: centers=1,303,314  selected=180,078
  shard reduce 145/250: centers=1,257,851  selected=158,062
  shard reduce 146/250: centers=1,229,279  selected=144,775
  shard reduce 147/250: centers=1,215,163  selected=138,528
  shard reduce 148/250: centers=1,243,639  selected=151,262
  shard reduce 149/250: centers=1,160,571  selected=115,698
  shard reduce 150/250: centers=1,187,263  selected=126,649
  shard reduce 151/250: centers=1,173,973  selected=121,167
  shard reduce 152/250: centers=1,201,347  selected=132,574
  shard reduce 153/250: centers=1,134,319  selected=105,487
  shard reduce 154/250: centers=1,121,582  selected=100,330
  shard reduce 155/250: centers=1,108,877  selected=95,482
  shard reduce 156/250: centers=1,147,280  selected=110,879
  shard reduce 157/250: centers=1,067,897  selected=84,312
  shard reduce 158/250: centers=1,054,211  selected=80,845
  shard reduce 159/250: centers=1,095,881  selected=90,873
  shard reduce 160/250: centers=1,081,811  selected=87,517
  shard reduce 161/250: centers=1,000,823  selected=68,377
  shard reduce 162/250: centers=1,027,393  selected=74,603
  shard reduce 163/250: centers=1,040,778  selected=77,634
  shard reduce 164/250: centers=1,013,931  selected=71,595
  shard reduce 165/250: centers=949,004  selected=56,958
  shard reduce 166/250: centers=987,840  selected=65,246
  shard reduce 167/250: centers=961,790  selected=59,973
  shard reduce 168/250: centers=974,645  selected=62,778
  shard reduce 169/250: centers=923,574  selected=51,624
  shard reduce 170/250: centers=910,836  selected=49,292
  shard reduce 171/250: centers=936,169  selected=54,296
  shard reduce 172/250: centers=898,028  selected=46,898
  shard reduce 173/250: centers=847,606  selected=38,205
  shard reduce 174/250: centers=860,215  selected=40,144
  shard reduce 175/250: centers=872,735  selected=42,502
  shard reduce 176/250: centers=885,368  selected=44,395
  shard reduce 177/250: centers=810,815  selected=32,355
  shard reduce 178/250: centers=835,090  selected=36,223
  shard reduce 179/250: centers=798,607  selected=30,638
  shard reduce 180/250: centers=823,134  selected=34,214
  shard reduce 181/250: centers=774,035  selected=27,168
  shard reduce 182/250: centers=761,508  selected=25,670
  shard reduce 183/250: centers=749,058  selected=24,309
  shard reduce 184/250: centers=786,399  selected=28,696
  shard reduce 185/250: centers=700,176  selected=19,162
  shard reduce 186/250: centers=712,412  selected=20,494
  shard reduce 187/250: centers=724,183  selected=21,770
  shard reduce 188/250: centers=736,980  selected=23,060
  shard reduce 189/250: centers=675,901  selected=16,988
  shard reduce 190/250: centers=652,006  selected=14,911
  shard reduce 191/250: centers=688,197  selected=18,058
  shard reduce 192/250: centers=664,119  selected=15,950
  shard reduce 193/250: centers=616,067  selected=12,135
  shard reduce 194/250: centers=604,620  selected=11,219
  shard reduce 195/250: centers=640,012  selected=13,969
  shard reduce 196/250: centers=628,101  selected=12,965
  shard reduce 197/250: centers=592,312  selected=10,525
  shard reduce 198/250: centers=580,681  selected=9,730
  shard reduce 199/250: centers=557,091  selected=8,372
  shard reduce 200/250: centers=568,791  selected=9,192
  shard reduce 201/250: centers=545,312  selected=7,774
  shard reduce 202/250: centers=510,210  selected=6,121
  shard reduce 203/250: centers=521,879  selected=6,793
  shard reduce 204/250: centers=533,451  selected=7,290
  shard reduce 205/250: centers=487,099  selected=5,235
  shard reduce 206/250: centers=463,691  selected=4,366
  shard reduce 207/250: centers=475,422  selected=4,691
  shard reduce 208/250: centers=498,612  selected=5,670
  shard reduce 209/250: centers=452,295  selected=3,968
  shard reduce 210/250: centers=417,968  selected=2,904
  shard reduce 211/250: centers=429,230  selected=3,276
  shard reduce 212/250: centers=440,753  selected=3,621
  shard reduce 213/250: centers=406,253  selected=2,674
  shard reduce 214/250: centers=372,072  selected=1,886
  shard reduce 215/250: centers=383,608  selected=2,089
  shard reduce 216/250: centers=395,088  selected=2,327
  shard reduce 217/250: centers=326,996  selected=1,117
  shard reduce 218/250: centers=338,420  selected=1,284
  shard reduce 219/250: centers=360,961  selected=1,626
  shard reduce 220/250: centers=349,610  selected=1,420
  shard reduce 221/250: centers=282,459  selected=620
  shard reduce 222/250: centers=293,408  selected=725
  shard reduce 223/250: centers=304,756  selected=821
  shard reduce 224/250: centers=315,853  selected=1,012
  shard reduce 225/250: centers=238,149  selected=279
  shard reduce 226/250: centers=249,131  selected=338
  shard reduce 227/250: centers=271,331  selected=477
  shard reduce 228/250: centers=260,082  selected=406
  shard reduce 229/250: centers=194,374  selected=120
  shard reduce 230/250: centers=205,273  selected=149
  shard reduce 231/250: centers=216,264  selected=184
  shard reduce 232/250: centers=227,182  selected=240
  shard reduce 233/250: centers=151,192  selected=25
  shard reduce 234/250: centers=161,920  selected=48
  shard reduce 235/250: centers=183,505  selected=89
  shard reduce 236/250: centers=172,712  selected=52
  shard reduce 237/250: centers=119,073  selected=11
  shard reduce 238/250: centers=108,438  selected=2
  shard reduce 239/250: centers=129,812  selected=11
  shard reduce 240/250: centers=140,410  selected=35
  shard reduce 241/250: centers=87,455  selected=1
  shard reduce 242/250: centers=66,532  selected=1
  shard reduce 243/250: centers=76,882  selected=0
  shard reduce 244/250: centers=97,945  selected=2
  shard reduce 245/250: centers=25,255  selected=0
  shard reduce 246/250: centers=35,462  selected=0
  shard reduce 247/250: centers=45,765  selected=0
  shard reduce 248/250: centers=5,050  selected=0
  shard reduce 249/250: centers=15,050  selected=0
  shard reduce 250/250: centers=56,109  selected=0
[Pass 1 terminé] durée totale=1513.8s
  centres sélectionnés comptés : 58,294,510
  taille tmp actuelle          : 6.91 Go
Pass2 annulée par sécurité : 58,294,51