B2        : branche centre non nécessairement carré
v2_1      : version du script
exact8    : recherche exacte de 8 cases extérieures carrées
non_square: centre non carré
R50000    : racines extérieures ≤ 50 000
date      : 2026-07-09

PS C:\dev\mystimath\conjectura\magic-square-of-squares-3x3> python src/search_non_square_center_v2_1.py `    
>>   --profile B2-1 `
>>   --max-root 50000 `
>>   --workers 8 `
>>   --reduce-workers 8 `
>>   --pass2-workers 2 `
>>   --recombine-workers 8 `
>>   --x-batch-size 256 `
>>   --shard-size 10000000 `
>>   --modulus1 64 `
>>   --modulus2 63 `
>>   --min-offsets 4 `
>>   --primitive-only `
>>   --distinct-roots `
>>   --non-square-center-only `
>>   --clean-tmp `
>>   --tmp-dir tmp\b2_non_square_center_v2_1 `
>>   --out results\raw\b2_non_square_center_v2_1_B2-1.csv
Profil B2-1
  cible      : racines extérieures <= 50,000
  objectif   : Dépasser proprement la borne 20 000.
  arrêt      : Stop si mur mémoire / disque persistant après cette réécriture.
Recherche B2 v2.1 — deux passes + offsets sélectifs
  max-root               : 50,000
  workers pass1          : 8
  workers pass2          : 2
  workers recombine      : 8
  x-batch-size           : 256
  shard-size             : 10,000,000
  moduli signatures      : 64, 63
  min-offsets            : 4
  primitive-only         : True
  distinct-roots         : True
  non-square-center-only : True
  tmp-dir                : tmp\b2_non_square_center_v2_1
  out                    : results\raw\b2_non_square_center_v2_1_B2-1.csv
[Pass 1A] Génération parallèle des agrégats compacts par centre...
  worker done: pairs=9,762,312  partial_rows=9,747,456  x_done=6,250
  worker done: pairs=29,292,883  partial_rows=29,216,918  x_done=6,250
  worker done: pairs=48,823,099  partial_rows=48,652,919  x_done=6,250
  worker done: pairs=68,352,903  partial_rows=68,068,010  x_done=6,250
  worker done: pairs=87,882,183  partial_rows=87,404,992  x_done=6,250
  worker done: pairs=107,410,596  partial_rows=106,713,164  x_done=6,250
  worker done: pairs=126,937,448  partial_rows=125,925,248  x_done=6,250
  worker done: pairs=146,456,630  partial_rows=144,946,408  x_done=6,250
[Pass 1A terminé] durée=358.5s
[Pass 1B] Réduction par shard et sélection des centres survivants...
  shard reduce 1/250: centers=1,981,401  selected=9,582
  shard reduce 2/250: centers=1,863,413  selected=10,577
  shard reduce 3/250: centers=1,893,015  selected=10,401
  shard reduce 4/250: centers=1,844,959  selected=10,729
  shard reduce 5/250: centers=1,831,491  selected=10,876
  shard reduce 6/250: centers=1,805,226  selected=10,984
  shard reduce 7/250: centers=1,812,453  selected=11,133
  shard reduce 8/250: centers=1,820,962  selected=10,885
  shard reduce 9/250: centers=1,798,934  selected=11,038
  shard reduce 10/250: centers=1,793,408  selected=11,071
  shard reduce 11/250: centers=1,788,488  selected=11,189
  shard reduce 12/250: centers=1,772,943  selected=11,435
  shard reduce 13/250: centers=1,783,961  selected=11,244
  shard reduce 14/250: centers=1,776,291  selected=11,211
  shard reduce 15/250: centers=1,780,061  selected=11,265
  shard reduce 16/250: centers=1,769,609  selected=11,320
  shard reduce 17/250: centers=1,766,748  selected=11,292
  shard reduce 18/250: centers=1,764,029  selected=11,424
  shard reduce 19/250: centers=1,761,341  selected=11,394
  shard reduce 20/250: centers=1,756,567  selected=11,426
  shard reduce 21/250: centers=1,758,818  selected=11,470
  shard reduce 22/250: centers=1,752,138  selected=11,488
  shard reduce 23/250: centers=1,754,507  selected=11,582
  shard reduce 24/250: centers=1,750,317  selected=11,422
  shard reduce 25/250: centers=1,748,392  selected=11,575
  shard reduce 26/250: centers=1,746,602  selected=11,534
  shard reduce 27/250: centers=1,744,889  selected=11,536
  shard reduce 28/250: centers=1,741,415  selected=11,399
  shard reduce 29/250: centers=1,743,037  selected=11,570
  shard reduce 30/250: centers=1,739,923  selected=11,552
  shard reduce 31/250: centers=1,738,526  selected=11,520
  shard reduce 32/250: centers=1,736,892  selected=11,598
  shard reduce 33/250: centers=1,735,611  selected=11,632
  shard reduce 34/250: centers=1,732,869  selected=11,509
  shard reduce 35/250: centers=1,734,139  selected=11,666
  shard reduce 36/250: centers=1,731,618  selected=11,589
  shard reduce 37/250: centers=1,730,410  selected=11,554
  shard reduce 38/250: centers=1,726,852  selected=11,599
  shard reduce 39/250: centers=1,729,249  selected=11,708
  shard reduce 40/250: centers=1,728,055  selected=11,606
  shard reduce 41/250: centers=1,725,867  selected=11,612
  shard reduce 42/250: centers=1,724,677  selected=11,641
  shard reduce 43/250: centers=1,723,722  selected=11,668
  shard reduce 44/250: centers=1,721,860  selected=11,659
  shard reduce 45/250: centers=1,722,625  selected=11,663
  shard reduce 46/250: centers=1,719,704  selected=11,596
  shard reduce 47/250: centers=1,720,465  selected=11,668
  shard reduce 48/250: centers=1,718,842  selected=11,692
  shard reduce 49/250: centers=1,717,915  selected=11,687
  shard reduce 50/250: centers=1,716,970  selected=11,740
  shard reduce 51/250: centers=1,716,165  selected=11,726
  shard reduce 52/250: centers=1,715,357  selected=11,643
  shard reduce 53/250: centers=1,714,613  selected=11,761
  shard reduce 54/250: centers=1,713,711  selected=11,612
  shard reduce 55/250: centers=1,712,881  selected=11,841
  shard reduce 56/250: centers=1,712,074  selected=11,741
  shard reduce 57/250: centers=1,711,151  selected=11,780
  shard reduce 58/250: centers=1,710,755  selected=11,793
  shard reduce 59/250: centers=1,709,789  selected=11,771
  shard reduce 60/250: centers=1,709,103  selected=11,851
  shard reduce 61/250: centers=1,707,625  selected=11,762
  shard reduce 62/250: centers=1,708,499  selected=11,688
  shard reduce 63/250: centers=1,706,243  selected=11,740
  shard reduce 64/250: centers=1,706,971  selected=11,755
  shard reduce 65/250: centers=1,705,624  selected=11,868
  shard reduce 66/250: centers=1,705,093  selected=11,803
  shard reduce 67/250: centers=1,704,363  selected=11,759
  shard reduce 68/250: centers=1,703,778  selected=11,831
  shard reduce 69/250: centers=1,702,457  selected=11,775
  shard reduce 70/250: centers=1,703,038  selected=11,748
  shard reduce 71/250: centers=1,701,949  selected=11,703
  shard reduce 72/250: centers=1,701,287  selected=11,930
  shard reduce 73/250: centers=1,700,705  selected=11,863
  shard reduce 74/250: centers=1,700,005  selected=11,727
  shard reduce 75/250: centers=1,699,512  selected=11,798
  shard reduce 76/250: centers=1,699,016  selected=11,931
  shard reduce 77/250: centers=1,698,491  selected=11,800
  shard reduce 78/250: centers=1,697,982  selected=11,802
  shard reduce 79/250: centers=1,697,510  selected=11,936
  shard reduce 80/250: centers=1,696,721  selected=11,905
  shard reduce 81/250: centers=1,696,454  selected=11,819
  shard reduce 82/250: centers=1,695,719  selected=11,838
  shard reduce 83/250: centers=1,695,242  selected=11,854
  shard reduce 84/250: centers=1,694,341  selected=11,827
  shard reduce 85/250: centers=1,694,841  selected=11,889
  shard reduce 86/250: centers=1,692,863  selected=11,990
  shard reduce 87/250: centers=1,693,740  selected=11,902
  shard reduce 88/250: centers=1,693,270  selected=11,801
  shard reduce 89/250: centers=1,692,341  selected=11,841
  shard reduce 90/250: centers=1,692,087  selected=11,804
  shard reduce 91/250: centers=1,691,395  selected=11,766
  shard reduce 92/250: centers=1,690,556  selected=11,811
  shard reduce 93/250: centers=1,690,813  selected=11,853
  shard reduce 94/250: centers=1,689,790  selected=11,892
  shard reduce 95/250: centers=1,690,071  selected=11,793
  shard reduce 96/250: centers=1,689,096  selected=11,929
  shard reduce 97/250: centers=1,688,925  selected=11,952
  shard reduce 98/250: centers=1,688,295  selected=11,926
  shard reduce 99/250: centers=1,687,879  selected=11,969
  shard reduce 100/250: centers=1,687,479  selected=11,980
  shard reduce 101/250: centers=1,686,868  selected=11,893
  shard reduce 102/250: centers=1,687,071  selected=11,985
  shard reduce 103/250: centers=1,686,306  selected=11,893
  shard reduce 104/250: centers=1,685,765  selected=11,798
  shard reduce 105/250: centers=1,685,517  selected=12,071
  shard reduce 106/250: centers=1,685,118  selected=11,903
  shard reduce 107/250: centers=1,684,655  selected=11,864
  shard reduce 108/250: centers=1,683,672  selected=12,098
  shard reduce 109/250: centers=1,683,093  selected=11,969
  shard reduce 110/250: centers=1,684,450  selected=11,913
  shard reduce 111/250: centers=1,683,967  selected=11,975
  shard reduce 112/250: centers=1,682,942  selected=12,038
  shard reduce 113/250: centers=1,682,369  selected=11,999
  shard reduce 114/250: centers=1,681,968  selected=11,919
  shard reduce 115/250: centers=1,681,854  selected=11,993
  shard reduce 116/250: centers=1,681,612  selected=11,862
  shard reduce 117/250: centers=1,680,738  selected=12,109
  shard reduce 118/250: centers=1,680,279  selected=11,951
  shard reduce 119/250: centers=1,680,925  selected=11,916
  shard reduce 120/250: centers=1,680,091  selected=11,988
  shard reduce 121/250: centers=1,679,715  selected=11,992
  shard reduce 122/250: centers=1,560,111  selected=7,433
  shard reduce 123/250: centers=1,589,470  selected=8,396
  shard reduce 124/250: centers=1,534,944  selected=6,926
  shard reduce 125/250: centers=1,679,348  selected=12,060
  shard reduce 126/250: centers=1,631,843  selected=9,918
  shard reduce 127/250: centers=1,678,988  selected=11,958
  shard reduce 128/250: centers=1,678,760  selected=11,978
  shard reduce 129/250: centers=1,678,023  selected=11,964
  shard reduce 130/250: centers=1,512,446  selected=6,296
  shard reduce 131/250: centers=1,471,296  selected=5,474
  shard reduce 132/250: centers=1,491,502  selected=5,833
  shard reduce 133/250: centers=1,416,524  selected=4,469
  shard reduce 134/250: centers=1,452,604  selected=5,124
  shard reduce 135/250: centers=1,434,121  selected=4,803
  shard reduce 136/250: centers=1,382,419  selected=4,005
  shard reduce 137/250: centers=1,399,486  selected=4,283
  shard reduce 138/250: centers=1,273,229  selected=2,657
  shard reduce 139/250: centers=1,257,851  selected=2,525
  shard reduce 140/250: centers=1,366,935  selected=3,831
  shard reduce 141/250: centers=1,335,357  selected=3,335
  shard reduce 142/250: centers=1,288,040  selected=2,780
  shard reduce 143/250: centers=1,319,160  selected=3,180
  shard reduce 144/250: centers=1,303,314  selected=3,067
  shard reduce 145/250: centers=1,351,181  selected=3,543
  shard reduce 146/250: centers=1,160,571  selected=1,627
  shard reduce 147/250: centers=1,147,280  selected=1,590
  shard reduce 148/250: centers=1,173,973  selected=1,749
  shard reduce 149/250: centers=1,187,263  selected=1,918
  shard reduce 150/250: centers=1,201,347  selected=1,957
  shard reduce 151/250: centers=1,215,163  selected=2,167
  shard reduce 152/250: centers=1,229,279  selected=2,346
  shard reduce 153/250: centers=1,243,639  selected=2,402
  shard reduce 154/250: centers=1,095,881  selected=1,225
  shard reduce 155/250: centers=1,054,211  selected=1,018
  shard reduce 156/250: centers=1,108,877  selected=1,298
  shard reduce 157/250: centers=1,067,897  selected=1,053
  shard reduce 158/250: centers=1,040,778  selected=1,005
  shard reduce 159/250: centers=1,081,811  selected=1,180
  shard reduce 160/250: centers=1,121,582  selected=1,386
  shard reduce 161/250: centers=1,134,319  selected=1,463
  shard reduce 162/250: centers=949,004  selected=635
  shard reduce 163/250: centers=936,169  selected=568
  shard reduce 164/250: centers=987,840  selected=727
  shard reduce 165/250: centers=1,013,931  selected=886
  shard reduce 166/250: centers=974,645  selected=686
  shard reduce 167/250: centers=961,790  selected=675
  shard reduce 168/250: centers=1,000,823  selected=773
  shard reduce 169/250: centers=1,027,393  selected=899
  shard reduce 170/250: centers=847,606  selected=373
  shard reduce 171/250: centers=835,090  selected=335
  shard reduce 172/250: centers=860,215  selected=414
  shard reduce 173/250: centers=872,735  selected=411
  shard reduce 174/250: centers=910,836  selected=523
  shard reduce 175/250: centers=885,368  selected=462
  shard reduce 176/250: centers=923,574  selected=573
  shard reduce 177/250: centers=898,028  selected=492
  shard reduce 178/250: centers=810,815  selected=280
  shard reduce 179/250: centers=749,058  selected=211
  shard reduce 180/250: centers=786,399  selected=258
  shard reduce 181/250: centers=774,035  selected=247
  shard reduce 182/250: centers=736,980  selected=197
  shard reduce 183/250: centers=761,508  selected=219
  shard reduce 184/250: centers=823,134  selected=313
  shard reduce 185/250: centers=798,607  selected=269
  shard reduce 186/250: centers=675,901  selected=121
  shard reduce 187/250: centers=664,119  selected=109
  shard reduce 188/250: centers=652,006  selected=92
  shard reduce 189/250: centers=724,183  selected=170
  shard reduce 190/250: centers=640,012  selected=93
  shard reduce 191/250: centers=712,412  selected=172
  shard reduce 192/250: centers=700,176  selected=154
  shard reduce 193/250: centers=688,197  selected=145
  shard reduce 194/250: centers=545,312  selected=49
  shard reduce 195/250: centers=557,091  selected=58
  shard reduce 196/250: centers=592,312  selected=68
  shard reduce 197/250: centers=568,791  selected=41
  shard reduce 198/250: centers=580,681  selected=61
  shard reduce 199/250: centers=616,067  selected=90
  shard reduce 200/250: centers=604,620  selected=84
  shard reduce 201/250: centers=628,101  selected=87
  shard reduce 202/250: centers=463,691  selected=22
  shard reduce 203/250: centers=452,295  selected=17
  shard reduce 204/250: centers=487,099  selected=28
  shard reduce 205/250: centers=533,451  selected=41
  shard reduce 206/250: centers=475,422  selected=25
  shard reduce 207/250: centers=498,612  selected=29
  shard reduce 208/250: centers=521,879  selected=36
  shard reduce 209/250: centers=510,210  selected=24
  shard reduce 210/250: centers=360,961  selected=3
  shard reduce 211/250: centers=417,968  selected=16
  shard reduce 212/250: centers=429,230  selected=9
  shard reduce 213/250: centers=383,608  selected=8
  shard reduce 214/250: centers=372,072  selected=6
  shard reduce 215/250: centers=395,088  selected=6
  shard reduce 216/250: centers=406,253  selected=4
  shard reduce 217/250: centers=440,753  selected=13
  shard reduce 218/250: centers=271,331  selected=1
  shard reduce 219/250: centers=282,459  selected=1
  shard reduce 220/250: centers=293,408  selected=1
  shard reduce 221/250: centers=304,756  selected=3
  shard reduce 222/250: centers=315,853  selected=0
  shard reduce 223/250: centers=338,420  selected=2
  shard reduce 224/250: centers=326,996  selected=1
  shard reduce 225/250: centers=349,610  selected=3
  shard reduce 226/250: centers=238,149  selected=0
  shard reduce 227/250: centers=227,182  selected=0
  shard reduce 228/250: centers=249,131  selected=0
  shard reduce 229/250: centers=260,082  selected=0
  shard reduce 230/250: centers=194,374  selected=0
  shard reduce 231/250: centers=205,273  selected=0
  shard reduce 232/250: centers=183,505  selected=0
  shard reduce 233/250: centers=216,264  selected=0
  shard reduce 234/250: centers=129,812  selected=0
  shard reduce 235/250: centers=97,945  selected=0
  shard reduce 236/250: centers=151,192  selected=0
  shard reduce 237/250: centers=119,073  selected=0
  shard reduce 238/250: centers=140,410  selected=0
  shard reduce 239/250: centers=108,438  selected=0
  shard reduce 240/250: centers=172,712  selected=0
  shard reduce 241/250: centers=161,920  selected=0
  shard reduce 242/250: centers=35,462  selected=0
  shard reduce 243/250: centers=45,765  selected=0
  shard reduce 244/250: centers=15,050  selected=0
  shard reduce 245/250: centers=56,109  selected=0
  shard reduce 246/250: centers=76,882  selected=0
  shard reduce 247/250: centers=5,050  selected=0
  shard reduce 248/250: centers=25,255  selected=0
  shard reduce 249/250: centers=87,455  selected=0
  shard reduce 250/250: centers=66,532  selected=0
[Pass 1 terminé] durée totale pass1=666.4s
[Pass 2A] Régénération sélective des offsets des centres retenus...
  worker done: offsets=1,363,756  x_done=25,000
  worker done: offsets=8,063,934  x_done=25,000
[Pass 2A terminé] durée=176.2s
[Pass 2B] Recombinaison exacte des offsets par shard...
  shard recombine 1/224: centers=9,582  results=0
  shard recombine 2/224: centers=10,577  results=0
  shard recombine 3/224: centers=10,401  results=0
  shard recombine 4/224: centers=10,729  results=0
  shard recombine 5/224: centers=10,885  results=0
  shard recombine 6/224: centers=10,876  results=0
  shard recombine 7/224: centers=11,133  results=0
  shard recombine 8/224: centers=10,984  results=0
  shard recombine 9/224: centers=11,189  results=0
  shard recombine 10/224: centers=11,265  results=0
  shard recombine 11/224: centers=11,038  results=0
  shard recombine 12/224: centers=11,244  results=0
  shard recombine 13/224: centers=11,071  results=0
  shard recombine 14/224: centers=11,211  results=0
  shard recombine 15/224: centers=11,435  results=0
  shard recombine 16/224: centers=11,320  results=0
  shard recombine 17/224: centers=11,292  results=0
  shard recombine 18/224: centers=11,470  results=0
  shard recombine 19/224: centers=11,582  results=0
  shard recombine 20/224: centers=11,394  results=0
  shard recombine 21/224: centers=11,426  results=0
  shard recombine 22/224: centers=11,424  results=0
  shard recombine 23/224: centers=11,488  results=0
  shard recombine 24/224: centers=11,422  results=0
  shard recombine 25/224: centers=11,534  results=0
  shard recombine 26/224: centers=11,575  results=0
  shard recombine 27/224: centers=11,536  results=0
  shard recombine 28/224: centers=11,570  results=0
  shard recombine 29/224: centers=11,399  results=0
  shard recombine 30/224: centers=11,552  results=0
  shard recombine 31/224: centers=11,520  results=0
  shard recombine 32/224: centers=11,598  results=0
  shard recombine 33/224: centers=11,632  results=0
  shard recombine 34/224: centers=11,509  results=0
  shard recombine 35/224: centers=11,589  results=0
  shard recombine 36/224: centers=11,554  results=0
  shard recombine 37/224: centers=11,666  results=0
  shard recombine 38/224: centers=11,708  results=0
  shard recombine 39/224: centers=11,606  results=0
  shard recombine 40/224: centers=11,599  results=0
  shard recombine 41/224: centers=11,612  results=0
  shard recombine 42/224: centers=11,668  results=0
  shard recombine 43/224: centers=11,663  results=0
  shard recombine 44/224: centers=11,641  results=0
  shard recombine 45/224: centers=11,596  results=0
  shard recombine 46/224: centers=11,668  results=0
  shard recombine 47/224: centers=11,659  results=0
  shard recombine 48/224: centers=11,692  results=0
  shard recombine 49/224: centers=11,687  results=0
  shard recombine 50/224: centers=11,726  results=0
  shard recombine 51/224: centers=11,643  results=0
  shard recombine 52/224: centers=11,740  results=0
  shard recombine 53/224: centers=11,841  results=0
  shard recombine 54/224: centers=11,612  results=0
  shard recombine 55/224: centers=11,761  results=0
  shard recombine 56/224: centers=11,741  results=0
  shard recombine 57/224: centers=11,780  results=0
  shard recombine 58/224: centers=11,793  results=0
  shard recombine 59/224: centers=11,851  results=0
  shard recombine 60/224: centers=11,771  results=0
  shard recombine 61/224: centers=11,762  results=0
  shard recombine 62/224: centers=11,688  results=0
  shard recombine 63/224: centers=11,755  results=0
  shard recombine 64/224: centers=11,740  results=0
  shard recombine 65/224: centers=11,868  results=0
  shard recombine 66/224: centers=11,759  results=0
  shard recombine 67/224: centers=11,803  results=0
  shard recombine 68/224: centers=11,775  results=0
  shard recombine 69/224: centers=11,703  results=0
  shard recombine 70/224: centers=11,831  results=0
  shard recombine 71/224: centers=11,748  results=0
  shard recombine 72/224: centers=11,930  results=0
  shard recombine 73/224: centers=11,863  results=0
  shard recombine 74/224: centers=11,798  results=0
  shard recombine 75/224: centers=11,727  results=0
  shard recombine 76/224: centers=11,800  results=0
  shard recombine 77/224: centers=11,931  results=0
  shard recombine 78/224: centers=11,802  results=0
  shard recombine 79/224: centers=11,936  results=0
  shard recombine 80/224: centers=11,905  results=0
  shard recombine 81/224: centers=11,819  results=0
  shard recombine 82/224: centers=11,838  results=0
  shard recombine 83/224: centers=11,854  results=0
  shard recombine 84/224: centers=11,889  results=0
  shard recombine 85/224: centers=11,902  results=0
  shard recombine 86/224: centers=11,827  results=0
  shard recombine 87/224: centers=11,801  results=0
  shard recombine 88/224: centers=11,990  results=0
  shard recombine 89/224: centers=11,766  results=0
  shard recombine 90/224: centers=11,841  results=0
  shard recombine 91/224: centers=11,804  results=0
  shard recombine 92/224: centers=11,853  results=0
  shard recombine 93/224: centers=11,793  results=0
  shard recombine 94/224: centers=11,811  results=0
  shard recombine 95/224: centers=11,929  results=0
  shard recombine 96/224: centers=11,892  results=0
  shard recombine 97/224: centers=11,952  results=0
  shard recombine 98/224: centers=11,926  results=0
  shard recombine 99/224: centers=11,969  results=0
  shard recombine 100/224: centers=11,980  results=0
  shard recombine 101/224: centers=11,893  results=0
  shard recombine 102/224: centers=11,985  results=0
  shard recombine 103/224: centers=11,798  results=0
  shard recombine 104/224: centers=12,071  results=0
  shard recombine 105/224: centers=11,893  results=0
  shard recombine 106/224: centers=11,903  results=0
  shard recombine 107/224: centers=11,864  results=0
  shard recombine 108/224: centers=11,913  results=0
  shard recombine 109/224: centers=11,975  results=0
  shard recombine 110/224: centers=12,098  results=0
  shard recombine 111/224: centers=11,969  results=0
  shard recombine 112/224: centers=12,038  results=0
  shard recombine 113/224: centers=11,999  results=0
  shard recombine 114/224: centers=11,919  results=0
  shard recombine 115/224: centers=11,993  results=0
  shard recombine 116/224: centers=11,916  results=0
  shard recombine 117/224: centers=11,862  results=0
  shard recombine 118/224: centers=11,951  results=0
  shard recombine 119/224: centers=12,109  results=0
  shard recombine 120/224: centers=11,988  results=0
  shard recombine 121/224: centers=12,060  results=0
  shard recombine 122/224: centers=11,958  results=0
  shard recombine 123/224: centers=11,992  results=0
  shard recombine 124/224: centers=9,918  results=0
  shard recombine 125/224: centers=11,978  results=0
  shard recombine 126/224: centers=11,964  results=0
  shard recombine 127/224: centers=8,396  results=0
  shard recombine 128/224: centers=7,433  results=0
  shard recombine 129/224: centers=6,926  results=0
  shard recombine 130/224: centers=6,296  results=0
  shard recombine 131/224: centers=5,124  results=0
  shard recombine 132/224: centers=5,833  results=0
  shard recombine 133/224: centers=4,803  results=0
  shard recombine 134/224: centers=4,469  results=0
  shard recombine 135/224: centers=4,283  results=0
  shard recombine 136/224: centers=5,474  results=0
  shard recombine 137/224: centers=3,831  results=0
  shard recombine 138/224: centers=3,543  results=0
  shard recombine 139/224: centers=3,335  results=0
  shard recombine 140/224: centers=2,780  results=0
  shard recombine 141/224: centers=3,180  results=0
  shard recombine 142/224: centers=4,005  results=0
  shard recombine 143/224: centers=2,657  results=0
  shard recombine 144/224: centers=2,525  results=0
  shard recombine 145/224: centers=3,067  results=0
  shard recombine 146/224: centers=1,918  results=0
  shard recombine 147/224: centers=1,749  results=0
  shard recombine 148/224: centers=2,402  results=0
  shard recombine 149/224: centers=1,627  results=0
  shard recombine 150/224: centers=2,346  results=0
  shard recombine 151/224: centers=2,167  results=0
  shard recombine 152/224: centers=1,957  results=0
  shard recombine 153/224: centers=1,463  results=0
  shard recombine 154/224: centers=1,298  results=0
  shard recombine 155/224: centers=1,225  results=0
  shard recombine 156/224: centers=1,018  results=0
  shard recombine 157/224: centers=1,180  results=0
  shard recombine 158/224: centers=1,053  results=0
  shard recombine 159/224: centers=1,386  results=0
  shard recombine 160/224: centers=1,590  results=0
  shard recombine 161/224: centers=899  results=0
  shard recombine 162/224: centers=1,005  results=0
  shard recombine 163/224: centers=773  results=0
  shard recombine 164/224: centers=727  results=0
  shard recombine 165/224: centers=686  results=0
  shard recombine 166/224: centers=675  results=0
  shard recombine 167/224: centers=635  results=0
  shard recombine 168/224: centers=492  results=0
  shard recombine 169/224: centers=573  results=0
  shard recombine 170/224: centers=523  results=0
  shard recombine 171/224: centers=568  results=0
  shard recombine 172/224: centers=886  results=0
  shard recombine 173/224: centers=411  results=0
  shard recombine 174/224: centers=462  results=0
  shard recombine 175/224: centers=414  results=0
  shard recombine 176/224: centers=373  results=0
  shard recombine 177/224: centers=335  results=0
  shard recombine 178/224: centers=313  results=0
  shard recombine 179/224: centers=269  results=0
  shard recombine 180/224: centers=280  results=0
  shard recombine 181/224: centers=258  results=0
  shard recombine 182/224: centers=247  results=0
  shard recombine 183/224: centers=219  results=0
  shard recombine 184/224: centers=211  results=0
  shard recombine 185/224: centers=197  results=0
  shard recombine 186/224: centers=170  results=0
  shard recombine 187/224: centers=145  results=0
  shard recombine 188/224: centers=172  results=0
  shard recombine 189/224: centers=154  results=0
  shard recombine 190/224: centers=121  results=0
  shard recombine 191/224: centers=109  results=0
  shard recombine 192/224: centers=92  results=0
  shard recombine 193/224: centers=93  results=0
  shard recombine 194/224: centers=87  results=0
  shard recombine 195/224: centers=84  results=0
  shard recombine 196/224: centers=90  results=0
  shard recombine 197/224: centers=68  results=0
  shard recombine 198/224: centers=61  results=0
  shard recombine 199/224: centers=41  results=0
  shard recombine 200/224: centers=49  results=0
  shard recombine 201/224: centers=58  results=0
  shard recombine 202/224: centers=41  results=0
  shard recombine 203/224: centers=24  results=0
  shard recombine 204/224: centers=29  results=0
  shard recombine 205/224: centers=36  results=0
  shard recombine 206/224: centers=28  results=0
  shard recombine 207/224: centers=13  results=0
  shard recombine 208/224: centers=25  results=0
  shard recombine 209/224: centers=22  results=0
  shard recombine 210/224: centers=17  results=0
  shard recombine 211/224: centers=9  results=0
  shard recombine 212/224: centers=16  results=0
  shard recombine 213/224: centers=4  results=0
  shard recombine 214/224: centers=8  results=0
  shard recombine 215/224: centers=2  results=0
  shard recombine 216/224: centers=6  results=0
  shard recombine 217/224: centers=3  results=0
  shard recombine 218/224: centers=6  results=0
  shard recombine 219/224: centers=3  results=0
  shard recombine 220/224: centers=1  results=0
  shard recombine 221/224: centers=3  results=0
  shard recombine 222/224: centers=1  results=0
  shard recombine 223/224: centers=1  results=0
  shard recombine 224/224: centers=1  results=0
[Pass 2 terminé] durée totale pass2=179.2s  résultats distincts=0

Terminé.
  durée totale           : 845.7s
  statistiques globales  :
    centers_no_candidate         : 1,594,960
    centers_seen                 : 307,660,640
    merged_duplicates            : 0
    merged_results               : 0
    offset_rows_written          : 9,427,690
    pairs_seen                   : 624,918,054
    partial_rows_written         : 620,675,115
    reject_center_square_pair    : 56,946
    reject_count                 : 257,705,567
    reject_mod1                  : 39,471,356
    reject_mod2                  : 7,293,797
    selected_centers             : 1,594,960
    shard_id                     : 56,105
    shards_touched               : 1,177
    x_batches                    : 200
    x_done                       : 100,000

Critère d'arrêt de la campagne :
  Stop si mur mémoire / disque persistant après cette réécriture.