PS C:\dev\mystimath\conjectura\magic-square-of-squares-3x3> python src/search_non_square_center_v2_2_safe.py `
>>   --resource-profile home16_balanced `
>>   --search-mode exact8 `
>>   --center-mode non-square `
>>   --max-root 50000 `
>>   --primitive-only `
>>   --distinct-roots `
>>   --clean-tmp `
>>   --tmp-dir tmp\b2_v2_2_exact8_non_square_R50000 `
>>   --out results\raw\b2_v2_2_exact8_non_square_R50000.csv `
>>   --summary-json logs\B2_v2_2_exact8_non_square_R50000_summary.json
Recherche B2 v2.2 SAFE / HYBRIDE
  max-root              : 50,000
  search-mode           : exact8
  center-mode           : non-square
  min-total             : 8
  workers pass1         : 7
  workers reduce        : 4
  workers pass2         : 2
  workers recombine     : 5
  x-batch-size          : 768
  shard-size            : 10,000,000
  moduli                : 127, 131, 137
  min-offsets exact     : 4
  min-offsets relaxed   : 2
  max-selected-centers  : 3,000,000
  max-tmp-gb            : 160.0
  min-free-gb           : 70.0
  cleanup-partials      : True
  primitive-only        : True
  distinct-roots        : True
  tmp-dir               : tmp\b2_v2_2_exact8_non_square_R50000
  out                   : results\raw\b2_v2_2_exact8_non_square_R50000.csv
[Préflight] Espace disque libre : 712.4 Go
[Pass 1A] Génération parallèle des agrégats compacts par centre...
  worker done: pairs=12,748,215  partial_rows=12,648,899  x_done=7,142
  worker done: pairs=38,258,469  partial_rows=37,808,091  x_done=7,143
  worker done: pairs=63,768,203  partial_rows=62,807,106  x_done=7,143
  worker done: pairs=89,277,316  partial_rows=87,608,396  x_done=7,143
  worker done: pairs=114,785,294  partial_rows=112,166,456  x_done=7,143
  worker done: pairs=140,292,080  partial_rows=136,296,281  x_done=7,143
  worker done: pairs=165,788,477  partial_rows=159,647,562  x_done=7,143
[Pass 1A terminé] durée=778.2s
[Pass 1B] Réduction par shard et sélection des centres survivants...
  shard reduce 1/250: centers=1,981,401  selected=792
  shard reduce 2/250: centers=1,893,015  selected=1,133
  shard reduce 3/250: centers=1,863,413  selected=1,355
  shard reduce 4/250: centers=1,844,959  selected=1,416
  shard reduce 5/250: centers=1,831,491  selected=1,518
  shard reduce 6/250: centers=1,820,962  selected=1,608
  shard reduce 7/250: centers=1,812,453  selected=1,665
  shard reduce 8/250: centers=1,805,226  selected=1,661
  shard reduce 9/250: centers=1,798,934  selected=1,766
  shard reduce 10/250: centers=1,793,408  selected=1,766
  shard reduce 11/250: centers=1,788,488  selected=1,842
  shard reduce 12/250: centers=1,783,961  selected=1,883
  shard reduce 13/250: centers=1,780,061  selected=1,922
  shard reduce 14/250: centers=1,776,291  selected=1,936
  shard reduce 15/250: centers=1,772,943  selected=1,884
  shard reduce 16/250: centers=1,769,609  selected=1,955
  shard reduce 17/250: centers=1,766,748  selected=1,956
  shard reduce 18/250: centers=1,764,029  selected=1,994
  shard reduce 19/250: centers=1,761,341  selected=2,061
  shard reduce 20/250: centers=1,758,818  selected=2,093
  shard reduce 21/250: centers=1,756,567  selected=2,092
  shard reduce 22/250: centers=1,754,507  selected=2,067
  shard reduce 23/250: centers=1,752,138  selected=2,108
  shard reduce 24/250: centers=1,750,317  selected=2,140
  shard reduce 25/250: centers=1,748,392  selected=2,221
  shard reduce 26/250: centers=1,746,602  selected=2,196
  shard reduce 27/250: centers=1,743,037  selected=2,232
  shard reduce 28/250: centers=1,744,889  selected=2,209
  shard reduce 29/250: centers=1,741,415  selected=2,218
  shard reduce 30/250: centers=1,739,923  selected=2,255
  shard reduce 31/250: centers=1,736,892  selected=2,329
  shard reduce 32/250: centers=1,738,526  selected=2,342
  shard reduce 33/250: centers=1,735,611  selected=2,347
  shard reduce 34/250: centers=1,734,139  selected=2,381
  shard reduce 35/250: centers=1,731,618  selected=2,465
  shard reduce 36/250: centers=1,732,869  selected=2,361
  shard reduce 37/250: centers=1,730,410  selected=2,357
  shard reduce 38/250: centers=1,729,249  selected=2,364
  shard reduce 39/250: centers=1,726,852  selected=2,385
  shard reduce 40/250: centers=1,728,055  selected=2,347
  shard reduce 41/250: centers=1,725,867  selected=2,400
  shard reduce 42/250: centers=1,724,677  selected=2,471
  shard reduce 43/250: centers=1,722,625  selected=2,428
  shard reduce 44/250: centers=1,723,722  selected=2,400
  shard reduce 45/250: centers=1,721,860  selected=2,433
  shard reduce 46/250: centers=1,720,465  selected=2,494
  shard reduce 47/250: centers=1,719,704  selected=2,426
  shard reduce 48/250: centers=1,718,842  selected=2,486
  shard reduce 49/250: centers=1,717,915  selected=2,453
  shard reduce 50/250: centers=1,716,970  selected=2,471
  shard reduce 51/250: centers=1,716,165  selected=2,454
  shard reduce 52/250: centers=1,715,357  selected=2,449
  shard reduce 53/250: centers=1,714,613  selected=2,489
  shard reduce 54/250: centers=1,713,711  selected=2,488
  shard reduce 55/250: centers=1,712,881  selected=2,512
  shard reduce 56/250: centers=1,712,074  selected=2,558
  shard reduce 57/250: centers=1,711,151  selected=2,495
  shard reduce 58/250: centers=1,710,755  selected=2,495
  shard reduce 59/250: centers=1,709,789  selected=2,517
  shard reduce 60/250: centers=1,709,103  selected=2,537
  shard reduce 61/250: centers=1,708,499  selected=2,582
  shard reduce 62/250: centers=1,707,625  selected=2,549
  shard reduce 63/250: centers=1,706,971  selected=2,514
  shard reduce 64/250: centers=1,706,243  selected=2,517
  shard reduce 65/250: centers=1,705,624  selected=2,570
  shard reduce 66/250: centers=1,705,093  selected=2,525
  shard reduce 67/250: centers=1,703,778  selected=2,580
  shard reduce 68/250: centers=1,704,363  selected=2,547
  shard reduce 69/250: centers=1,703,038  selected=2,536
  shard reduce 70/250: centers=1,701,287  selected=2,522
  shard reduce 71/250: centers=1,702,457  selected=2,587
  shard reduce 72/250: centers=1,701,949  selected=2,570
  shard reduce 73/250: centers=1,700,705  selected=2,636
  shard reduce 74/250: centers=1,700,005  selected=2,609
  shard reduce 75/250: centers=1,699,512  selected=2,540
  shard reduce 76/250: centers=1,699,016  selected=2,553
  shard reduce 77/250: centers=1,698,491  selected=2,623
  shard reduce 78/250: centers=1,697,982  selected=2,617
  shard reduce 79/250: centers=1,697,510  selected=2,607
  shard reduce 80/250: centers=1,696,721  selected=2,650
  shard reduce 81/250: centers=1,696,454  selected=2,631
  shard reduce 82/250: centers=1,695,719  selected=2,625
  shard reduce 83/250: centers=1,695,242  selected=2,609
  shard reduce 84/250: centers=1,694,841  selected=2,665
  shard reduce 85/250: centers=1,694,341  selected=2,627
  shard reduce 86/250: centers=1,693,740  selected=2,669
  shard reduce 87/250: centers=1,693,270  selected=2,695
  shard reduce 88/250: centers=1,692,863  selected=2,612
  shard reduce 89/250: centers=1,692,341  selected=2,599
  shard reduce 90/250: centers=1,692,087  selected=2,719
  shard reduce 91/250: centers=1,691,395  selected=2,704
  shard reduce 92/250: centers=1,690,813  selected=2,658
  shard reduce 93/250: centers=1,690,556  selected=2,657
  shard reduce 94/250: centers=1,690,071  selected=2,735
  shard reduce 95/250: centers=1,689,096  selected=2,657
  shard reduce 96/250: centers=1,689,790  selected=2,652
  shard reduce 97/250: centers=1,688,925  selected=2,698
  shard reduce 98/250: centers=1,688,295  selected=2,682
  shard reduce 99/250: centers=1,687,879  selected=2,729
  shard reduce 100/250: centers=1,687,479  selected=2,782
  shard reduce 101/250: centers=1,686,868  selected=2,717
  shard reduce 102/250: centers=1,687,071  selected=2,702
  shard reduce 103/250: centers=1,686,306  selected=2,682
  shard reduce 104/250: centers=1,685,765  selected=2,698
  shard reduce 105/250: centers=1,685,517  selected=2,769
  shard reduce 106/250: centers=1,685,118  selected=2,764
  shard reduce 107/250: centers=1,684,655  selected=2,681
  shard reduce 108/250: centers=1,684,450  selected=2,615
  shard reduce 109/250: centers=1,683,967  selected=2,734
  shard reduce 110/250: centers=1,683,672  selected=2,757
  shard reduce 111/250: centers=1,683,093  selected=2,799
  shard reduce 112/250: centers=1,682,942  selected=2,843
  shard reduce 113/250: centers=1,682,369  selected=2,770
  shard reduce 114/250: centers=1,681,968  selected=2,807
  shard reduce 115/250: centers=1,681,854  selected=2,730
  shard reduce 116/250: centers=1,681,612  selected=2,741
  shard reduce 117/250: centers=1,680,925  selected=2,850
  shard reduce 118/250: centers=1,680,738  selected=2,771
  shard reduce 119/250: centers=1,680,279  selected=2,729
  shard reduce 120/250: centers=1,680,091  selected=2,818
  shard reduce 121/250: centers=1,679,715  selected=2,778
  shard reduce 122/250: centers=1,679,348  selected=2,883
  shard reduce 123/250: centers=1,678,988  selected=2,773
  shard reduce 124/250: centers=1,678,760  selected=2,869
  shard reduce 125/250: centers=1,678,023  selected=2,820
  shard reduce 126/250: centers=1,631,843  selected=2,068
  shard reduce 127/250: centers=1,560,111  selected=1,319
  shard reduce 128/250: centers=1,589,470  selected=1,587
  shard reduce 129/250: centers=1,534,944  selected=1,147
  shard reduce 130/250: centers=1,512,446  selected=990
  shard reduce 131/250: centers=1,471,296  selected=767
  shard reduce 132/250: centers=1,491,502  selected=828
  shard reduce 133/250: centers=1,452,604  selected=652
  shard reduce 134/250: centers=1,416,524  selected=503
  shard reduce 135/250: centers=1,434,121  selected=584
  shard reduce 136/250: centers=1,399,486  selected=449
  shard reduce 137/250: centers=1,382,419  selected=368
  shard reduce 138/250: centers=1,335,357  selected=285
  shard reduce 139/250: centers=1,351,181  selected=311
  shard reduce 140/250: centers=1,366,935  selected=354
  shard reduce 141/250: centers=1,319,160  selected=274
  shard reduce 142/250: centers=1,273,229  selected=190
  shard reduce 143/250: centers=1,288,040  selected=205
  shard reduce 144/250: centers=1,303,314  selected=239
  shard reduce 145/250: centers=1,257,851  selected=161
  shard reduce 146/250: centers=1,215,163  selected=117
  shard reduce 147/250: centers=1,243,639  selected=137
  shard reduce 148/250: centers=1,229,279  selected=158
  shard reduce 149/250: centers=1,160,571  selected=66
  shard reduce 150/250: centers=1,187,263  selected=91
  shard reduce 151/250: centers=1,173,973  selected=93
  shard reduce 152/250: centers=1,201,347  selected=114
  shard reduce 153/250: centers=1,108,877  selected=46
  shard reduce 154/250: centers=1,121,582  selected=48
  shard reduce 155/250: centers=1,147,280  selected=62
  shard reduce 156/250: centers=1,134,319  selected=55
  shard reduce 157/250: centers=1,067,897  selected=35
  shard reduce 158/250: centers=1,095,881  selected=31
  shard reduce 159/250: centers=1,054,211  selected=32
  shard reduce 160/250: centers=1,081,811  selected=40
  shard reduce 161/250: centers=1,013,931  selected=27
  shard reduce 162/250: centers=1,027,393  selected=21
  shard reduce 163/250: centers=1,000,823  selected=24
  shard reduce 164/250: centers=1,040,778  selected=29
  shard reduce 165/250: centers=961,790  selected=21
  shard reduce 166/250: centers=974,645  selected=21
  shard reduce 167/250: centers=987,840  selected=25
  shard reduce 168/250: centers=949,004  selected=11
  shard reduce 169/250: centers=898,028  selected=6
  shard reduce 170/250: centers=936,169  selected=12
  shard reduce 171/250: centers=910,836  selected=11
  shard reduce 172/250: centers=923,574  selected=9
  shard reduce 173/250: centers=847,606  selected=4
  shard reduce 174/250: centers=885,368  selected=10
  shard reduce 175/250: centers=860,215  selected=9
  shard reduce 176/250: centers=872,735  selected=6
  shard reduce 177/250: centers=798,607  selected=2
  shard reduce 178/250: centers=823,134  selected=9
  shard reduce 179/250: centers=835,090  selected=6
  shard reduce 180/250: centers=810,815  selected=6
  shard reduce 181/250: centers=761,508  selected=1
  shard reduce 182/250: centers=749,058  selected=5
  shard reduce 183/250: centers=774,035  selected=4
  shard reduce 184/250: centers=786,399  selected=4
  shard reduce 185/250: centers=736,980  selected=3
  shard reduce 186/250: centers=712,412  selected=2
  shard reduce 187/250: centers=700,176  selected=5
  shard reduce 188/250: centers=724,183  selected=4
  shard reduce 189/250: centers=664,119  selected=0
  shard reduce 190/250: centers=675,901  selected=1
  shard reduce 191/250: centers=652,006  selected=1
  shard reduce 192/250: centers=688,197  selected=4
  shard reduce 193/250: centers=604,620  selected=1
  shard reduce 194/250: centers=640,012  selected=0
  shard reduce 195/250: centers=628,101  selected=1
  shard reduce 196/250: centers=616,067  selected=0
  shard reduce 197/250: centers=568,791  selected=0
  shard reduce 198/250: centers=557,091  selected=1
  shard reduce 199/250: centers=580,681  selected=1
  shard reduce 200/250: centers=592,312  selected=2
  shard reduce 201/250: centers=533,451  selected=1
  shard reduce 202/250: centers=545,312  selected=1
  shard reduce 203/250: centers=521,879  selected=0
  shard reduce 204/250: centers=510,210  selected=0
  shard reduce 205/250: centers=463,691  selected=0
  shard reduce 206/250: centers=475,422  selected=0
  shard reduce 207/250: centers=487,099  selected=2
  shard reduce 208/250: centers=498,612  selected=0
  shard reduce 209/250: centers=452,295  selected=0
  shard reduce 210/250: centers=429,230  selected=0
  shard reduce 211/250: centers=417,968  selected=0
  shard reduce 212/250: centers=440,753  selected=0
  shard reduce 213/250: centers=406,253  selected=0
  shard reduce 214/250: centers=395,088  selected=0
  shard reduce 215/250: centers=372,072  selected=0
  shard reduce 216/250: centers=383,608  selected=0
  shard reduce 217/250: centers=338,420  selected=0
  shard reduce 218/250: centers=326,996  selected=0
  shard reduce 219/250: centers=349,610  selected=0
  shard reduce 220/250: centers=360,961  selected=0
  shard reduce 221/250: centers=304,756  selected=0
  shard reduce 222/250: centers=282,459  selected=0
  shard reduce 223/250: centers=293,408  selected=0
  shard reduce 224/250: centers=315,853  selected=0
  shard reduce 225/250: centers=249,131  selected=0
  shard reduce 226/250: centers=238,149  selected=0
  shard reduce 227/250: centers=271,331  selected=0
  shard reduce 228/250: centers=260,082  selected=0
  shard reduce 229/250: centers=194,374  selected=0
  shard reduce 230/250: centers=205,273  selected=0
  shard reduce 231/250: centers=227,182  selected=0
  shard reduce 232/250: centers=216,264  selected=0
  shard reduce 233/250: centers=151,192  selected=0
  shard reduce 234/250: centers=183,505  selected=0
  shard reduce 235/250: centers=172,712  selected=0
  shard reduce 236/250: centers=161,920  selected=0
  shard reduce 237/250: centers=129,812  selected=0
  shard reduce 238/250: centers=119,073  selected=0
  shard reduce 239/250: centers=108,438  selected=0
  shard reduce 240/250: centers=140,410  selected=0
  shard reduce 241/250: centers=66,532  selected=0
  shard reduce 242/250: centers=87,455  selected=0
  shard reduce 243/250: centers=97,945  selected=0
  shard reduce 244/250: centers=76,882  selected=0
  shard reduce 245/250: centers=25,255  selected=0
  shard reduce 246/250: centers=15,050  selected=0
  shard reduce 247/250: centers=5,050  selected=0
  shard reduce 248/250: centers=35,462  selected=0
  shard reduce 249/250: centers=45,765  selected=0
  shard reduce 250/250: centers=56,109  selected=0
[Pass 1 terminé] durée totale=1544.3s
  centres sélectionnés comptés : 317,736
  taille tmp actuelle          : 0.04 Go
[Pass 2A] Régénération sélective des offsets des centres retenus...
  worker done: offsets=642,038  x_done=25,000
  worker done: offsets=4,265,646  x_done=25,000
[Pass 2A terminé] durée=178.5s
[Pass 2B] Recombinaison exacte / relâchée par shard...
  shard recombine 1/199: centers=792  results=0
  shard recombine 2/199: centers=1,133  results=0
  shard recombine 3/199: centers=1,355  results=0
  shard recombine 4/199: centers=1,518  results=0
  shard recombine 5/199: centers=1,608  results=0
  shard recombine 6/199: centers=1,416  results=0
  shard recombine 7/199: centers=1,665  results=0
  shard recombine 8/199: centers=1,661  results=0
  shard recombine 9/199: centers=1,766  results=0
  shard recombine 10/199: centers=1,766  results=0
  shard recombine 11/199: centers=1,842  results=0
  shard recombine 12/199: centers=1,883  results=0
  shard recombine 13/199: centers=1,922  results=0
  shard recombine 14/199: centers=1,884  results=0
  shard recombine 15/199: centers=1,936  results=0
  shard recombine 16/199: centers=1,955  results=0
  shard recombine 17/199: centers=1,956  results=0
  shard recombine 18/199: centers=1,994  results=0
  shard recombine 19/199: centers=2,061  results=0
  shard recombine 20/199: centers=2,093  results=0
  shard recombine 21/199: centers=2,092  results=0
  shard recombine 22/199: centers=2,067  results=0
  shard recombine 23/199: centers=2,108  results=0
  shard recombine 24/199: centers=2,140  results=0
  shard recombine 25/199: centers=2,221  results=0
  shard recombine 26/199: centers=2,196  results=0
  shard recombine 27/199: centers=2,209  results=0
  shard recombine 28/199: centers=2,232  results=0
  shard recombine 29/199: centers=2,218  results=0
  shard recombine 30/199: centers=2,255  results=0
  shard recombine 31/199: centers=2,342  results=0
  shard recombine 32/199: centers=2,329  results=0
  shard recombine 33/199: centers=2,347  results=0
  shard recombine 34/199: centers=2,381  results=0
  shard recombine 35/199: centers=2,361  results=0
  shard recombine 36/199: centers=2,465  results=0
  shard recombine 37/199: centers=2,357  results=0
  shard recombine 38/199: centers=2,364  results=0
  shard recombine 39/199: centers=2,347  results=0
  shard recombine 40/199: centers=2,385  results=0
  shard recombine 41/199: centers=2,400  results=0
  shard recombine 42/199: centers=2,471  results=0
  shard recombine 43/199: centers=2,400  results=0
  shard recombine 44/199: centers=2,433  results=0
  shard recombine 45/199: centers=2,428  results=0
  shard recombine 46/199: centers=2,494  results=0
  shard recombine 47/199: centers=2,486  results=0
  shard recombine 48/199: centers=2,426  results=0
  shard recombine 49/199: centers=2,471  results=0
  shard recombine 50/199: centers=2,453  results=0
  shard recombine 51/199: centers=2,454  results=0
  shard recombine 52/199: centers=2,449  results=0
  shard recombine 53/199: centers=2,489  results=0
  shard recombine 54/199: centers=2,488  results=0
  shard recombine 55/199: centers=2,512  results=0
  shard recombine 56/199: centers=2,558  results=0
  shard recombine 57/199: centers=2,495  results=0
  shard recombine 58/199: centers=2,495  results=0
  shard recombine 59/199: centers=2,537  results=0
  shard recombine 60/199: centers=2,517  results=0
  shard recombine 61/199: centers=2,582  results=0
  shard recombine 62/199: centers=2,549  results=0
  shard recombine 63/199: centers=2,514  results=0
  shard recombine 64/199: centers=2,517  results=0
  shard recombine 65/199: centers=2,570  results=0
  shard recombine 66/199: centers=2,525  results=0
  shard recombine 67/199: centers=2,547  results=0
  shard recombine 68/199: centers=2,580  results=0
  shard recombine 69/199: centers=2,587  results=0
  shard recombine 70/199: centers=2,536  results=0
  shard recombine 71/199: centers=2,570  results=0
  shard recombine 72/199: centers=2,522  results=0
  shard recombine 73/199: centers=2,636  results=0
  shard recombine 74/199: centers=2,540  results=0
  shard recombine 75/199: centers=2,609  results=0
  shard recombine 76/199: centers=2,553  results=0
  shard recombine 77/199: centers=2,623  results=0
  shard recombine 78/199: centers=2,617  results=0
  shard recombine 79/199: centers=2,607  results=0
  shard recombine 80/199: centers=2,650  results=0
  shard recombine 81/199: centers=2,631  results=0
  shard recombine 82/199: centers=2,625  results=0
  shard recombine 83/199: centers=2,609  results=0
  shard recombine 84/199: centers=2,627  results=0
  shard recombine 85/199: centers=2,665  results=0
  shard recombine 86/199: centers=2,669  results=0
  shard recombine 87/199: centers=2,695  results=0
  shard recombine 88/199: centers=2,612  results=0
  shard recombine 89/199: centers=2,599  results=0
  shard recombine 90/199: centers=2,719  results=0
  shard recombine 91/199: centers=2,704  results=0
  shard recombine 92/199: centers=2,658  results=0
  shard recombine 93/199: centers=2,657  results=0
  shard recombine 94/199: centers=2,735  results=0
  shard recombine 95/199: centers=2,652  results=0
  shard recombine 96/199: centers=2,657  results=0
  shard recombine 97/199: centers=2,698  results=0
  shard recombine 98/199: centers=2,682  results=0
  shard recombine 99/199: centers=2,729  results=0
  shard recombine 100/199: centers=2,782  results=0
  shard recombine 101/199: centers=2,717  results=0
  shard recombine 102/199: centers=2,702  results=0
  shard recombine 103/199: centers=2,682  results=0
  shard recombine 104/199: centers=2,769  results=0
  shard recombine 105/199: centers=2,698  results=0
  shard recombine 106/199: centers=2,764  results=0
  shard recombine 107/199: centers=2,615  results=0
  shard recombine 108/199: centers=2,681  results=0
  shard recombine 109/199: centers=2,757  results=0
  shard recombine 110/199: centers=2,734  results=0
  shard recombine 111/199: centers=2,799  results=0
  shard recombine 112/199: centers=2,770  results=0
  shard recombine 113/199: centers=2,843  results=0
  shard recombine 114/199: centers=2,730  results=0
  shard recombine 115/199: centers=2,807  results=0
  shard recombine 116/199: centers=2,741  results=0
  shard recombine 117/199: centers=2,850  results=0
  shard recombine 118/199: centers=2,771  results=0
  shard recombine 119/199: centers=2,729  results=0
  shard recombine 120/199: centers=2,818  results=0
  shard recombine 121/199: centers=2,778  results=0
  shard recombine 122/199: centers=2,883  results=0
  shard recombine 123/199: centers=2,773  results=0
  shard recombine 124/199: centers=2,869  results=0
  shard recombine 125/199: centers=2,820  results=0
  shard recombine 126/199: centers=2,068  results=0
  shard recombine 127/199: centers=1,319  results=0
  shard recombine 128/199: centers=1,147  results=0
  shard recombine 129/199: centers=828  results=0
  shard recombine 130/199: centers=1,587  results=0
  shard recombine 131/199: centers=990  results=0
  shard recombine 132/199: centers=767  results=0
  shard recombine 133/199: centers=584  results=0
  shard recombine 134/199: centers=503  results=0
  shard recombine 135/199: centers=652  results=0
  shard recombine 136/199: centers=449  results=0
  shard recombine 137/199: centers=354  results=0
  shard recombine 138/199: centers=311  results=0
  shard recombine 139/199: centers=368  results=0
  shard recombine 140/199: centers=274  results=0
  shard recombine 141/199: centers=285  results=0
  shard recombine 142/199: centers=190  results=0
  shard recombine 143/199: centers=205  results=0
  shard recombine 144/199: centers=239  results=0
  shard recombine 145/199: centers=161  results=0
  shard recombine 146/199: centers=137  results=0
  shard recombine 147/199: centers=117  results=0
  shard recombine 148/199: centers=114  results=0
  shard recombine 149/199: centers=158  results=0
  shard recombine 150/199: centers=91  results=0
  shard recombine 151/199: centers=93  results=0
  shard recombine 152/199: centers=48  results=0
  shard recombine 153/199: centers=55  results=0
  shard recombine 154/199: centers=66  results=0
  shard recombine 155/199: centers=62  results=0
  shard recombine 156/199: centers=40  results=0
  shard recombine 157/199: centers=46  results=0
  shard recombine 158/199: centers=32  results=0
  shard recombine 159/199: centers=31  results=0
  shard recombine 160/199: centers=35  results=0
  shard recombine 161/199: centers=21  results=0
  shard recombine 162/199: centers=27  results=0
  shard recombine 163/199: centers=29  results=0
  shard recombine 164/199: centers=24  results=0
  shard recombine 165/199: centers=25  results=0
  shard recombine 166/199: centers=11  results=0
  shard recombine 167/199: centers=9  results=0
  shard recombine 168/199: centers=12  results=0
  shard recombine 169/199: centers=21  results=0
  shard recombine 170/199: centers=21  results=0
  shard recombine 171/199: centers=6  results=0
  shard recombine 172/199: centers=6  results=0
  shard recombine 173/199: centers=10  results=0
  shard recombine 174/199: centers=11  results=0
  shard recombine 175/199: centers=9  results=0
  shard recombine 176/199: centers=6  results=0
  shard recombine 177/199: centers=6  results=0
  shard recombine 178/199: centers=2  results=0
  shard recombine 179/199: centers=4  results=0
  shard recombine 180/199: centers=9  results=0
  shard recombine 181/199: centers=4  results=0
  shard recombine 182/199: centers=4  results=0
  shard recombine 183/199: centers=1  results=0
  shard recombine 184/199: centers=3  results=0
  shard recombine 185/199: centers=5  results=0
  shard recombine 186/199: centers=4  results=0
  shard recombine 187/199: centers=2  results=0
  shard recombine 188/199: centers=5  results=0
  shard recombine 189/199: centers=4  results=0
  shard recombine 190/199: centers=1  results=0
  shard recombine 191/199: centers=1  results=0
  shard recombine 192/199: centers=1  results=0
  shard recombine 193/199: centers=2  results=0
  shard recombine 194/199: centers=1  results=0
  shard recombine 195/199: centers=1  results=0
  shard recombine 196/199: centers=1  results=0
  shard recombine 197/199: centers=1  results=0
  shard recombine 198/199: centers=1  results=0
  shard recombine 199/199: centers=2  results=0
[Pass 2 terminé] durée totale=180.9s  résultats distincts=0

Terminé.
  durée totale          : 1725.2s
  taille tmp            : 0.13 Go
  espace libre          : 715.1 Go
  statistiques globales :
    centers_no_candidate           : 317,736
    centers_seen                   : 306,383,416
    merged_duplicates              : 0
    merged_results                 : 0
    offset_rows_written            : 4,907,684
    pairs_seen                     : 624,918,054
    partial_bytes_deleted          : 46,231,640,876
    partial_files_deleted          : 773
    partial_rows_written           : 608,982,791
    reject_center_non-square       : 56,946
    reject_count                   : 257,705,567
    reject_mod_127                 : 43,414,664
    reject_mod_131                 : 3,862,698
    reject_mod_137                 : 510,785
    reject_residue_count_127       : 239,271
    reject_residue_count_131       : 14,169
    reject_residue_count_137       : 790
    selected_centers               : 317,736
    selected_centers_counted       : 317,736
    shard_id                       : 50,857
    shards_touched                 : 1,066
    top_centers_written            : 3,485
    x_batches                      : 70
    x_done                         : 100,000
Résumé JSON écrit : logs\B2_v2_2_exact8_non_square_R50000_summary.json