  shard reduce 787/947: centers=10  selected=2
  shard reduce 788/947: centers=12  selected=0
  shard reduce 789/947: centers=11  selected=2
  shard reduce 790/947: centers=10  selected=2
  shard reduce 791/947: centers=14  selected=1
  shard reduce 792/947: centers=9  selected=2
  shard reduce 793/947: centers=6  selected=1
  shard reduce 794/947: centers=10  selected=2
  shard reduce 795/947: centers=8  selected=1
  shard reduce 796/947: centers=7  selected=2
  shard reduce 797/947: centers=7  selected=0
  shard reduce 798/947: centers=10  selected=2
  shard reduce 799/947: centers=5  selected=2
  shard reduce 800/947: centers=15  selected=0
  shard reduce 801/947: centers=10  selected=1
  shard reduce 802/947: centers=6  selected=0
  shard reduce 803/947: centers=14  selected=1
  shard reduce 804/947: centers=10  selected=2
  shard reduce 805/947: centers=7  selected=1
  shard reduce 806/947: centers=3  selected=1
  shard reduce 807/947: centers=9  selected=1
  shard reduce 808/947: centers=9  selected=2
  shard reduce 809/947: centers=7  selected=2
  shard reduce 810/947: centers=10  selected=1
  shard reduce 811/947: centers=15  selected=2
  shard reduce 812/947: centers=8  selected=1
  shard reduce 813/947: centers=8  selected=0
  shard reduce 814/947: centers=8  selected=0
  shard reduce 815/947: centers=6  selected=0
  shard reduce 816/947: centers=8  selected=0
  shard reduce 817/947: centers=6  selected=0
  shard reduce 818/947: centers=7  selected=1
  shard reduce 819/947: centers=4  selected=0
  shard reduce 820/947: centers=7  selected=0
  shard reduce 821/947: centers=5  selected=0
  shard reduce 822/947: centers=9  selected=2
  shard reduce 823/947: centers=6  selected=0
  shard reduce 824/947: centers=10  selected=3
  shard reduce 825/947: centers=8  selected=0
  shard reduce 826/947: centers=10  selected=2
  shard reduce 827/947: centers=10  selected=1
  shard reduce 828/947: centers=5  selected=0
  shard reduce 829/947: centers=8  selected=0
  shard reduce 830/947: centers=5  selected=0
  shard reduce 831/947: centers=8  selected=1
  shard reduce 832/947: centers=14  selected=1
  shard reduce 833/947: centers=10  selected=0
  shard reduce 834/947: centers=6  selected=1
  shard reduce 835/947: centers=11  selected=1
  shard reduce 836/947: centers=5  selected=0
  shard reduce 837/947: centers=9  selected=1
  shard reduce 838/947: centers=5  selected=0
  shard reduce 839/947: centers=6  selected=0
  shard reduce 840/947: centers=6  selected=0
  shard reduce 841/947: centers=6  selected=1
  shard reduce 842/947: centers=6  selected=0
  shard reduce 843/947: centers=6  selected=1
  shard reduce 844/947: centers=6  selected=0
  shard reduce 845/947: centers=10  selected=1
  shard reduce 846/947: centers=5  selected=0
  shard reduce 847/947: centers=7  selected=1
  shard reduce 848/947: centers=3  selected=0
  shard reduce 849/947: centers=3  selected=1
  shard reduce 850/947: centers=5  selected=0
  shard reduce 851/947: centers=5  selected=0
  shard reduce 852/947: centers=9  selected=1
  shard reduce 853/947: centers=2  selected=0
  shard reduce 854/947: centers=5  selected=0
  shard reduce 855/947: centers=10  selected=1
  shard reduce 856/947: centers=6  selected=2
  shard reduce 857/947: centers=6  selected=0
  shard reduce 858/947: centers=3  selected=0
  shard reduce 859/947: centers=4  selected=0
  shard reduce 860/947: centers=1  selected=0
  shard reduce 861/947: centers=5  selected=0
  shard reduce 862/947: centers=5  selected=0
  shard reduce 863/947: centers=7  selected=1
  shard reduce 864/947: centers=5  selected=1
  shard reduce 865/947: centers=10  selected=1
  shard reduce 866/947: centers=7  selected=1
  shard reduce 867/947: centers=8  selected=2
  shard reduce 868/947: centers=5  selected=0
  shard reduce 869/947: centers=1  selected=0
  shard reduce 870/947: centers=4  selected=0
  shard reduce 871/947: centers=5  selected=2
  shard reduce 872/947: centers=1  selected=0
  shard reduce 873/947: centers=1  selected=0
  shard reduce 874/947: centers=4  selected=0
  shard reduce 875/947: centers=6  selected=0
  shard reduce 876/947: centers=7  selected=0
  shard reduce 877/947: centers=10  selected=0
  shard reduce 878/947: centers=4  selected=0
  shard reduce 879/947: centers=7  selected=0
  shard reduce 880/947: centers=4  selected=0
  shard reduce 881/947: centers=2  selected=0
  shard reduce 882/947: centers=2  selected=0
  shard reduce 883/947: centers=2  selected=1
  shard reduce 884/947: centers=2  selected=0
  shard reduce 885/947: centers=9  selected=0
  shard reduce 886/947: centers=7  selected=2
  shard reduce 887/947: centers=4  selected=1
  shard reduce 888/947: centers=1  selected=0
  shard reduce 889/947: centers=4  selected=0
  shard reduce 890/947: centers=2  selected=0
  shard reduce 891/947: centers=4  selected=0
  shard reduce 892/947: centers=1  selected=0
  shard reduce 893/947: centers=3  selected=0
  shard reduce 894/947: centers=5  selected=0
  shard reduce 895/947: centers=5  selected=0
  shard reduce 896/947: centers=2  selected=0
  shard reduce 897/947: centers=1  selected=0
  shard reduce 898/947: centers=7  selected=0
  shard reduce 899/947: centers=2  selected=0
  shard reduce 900/947: centers=9  selected=0
  shard reduce 901/947: centers=4  selected=0
  shard reduce 902/947: centers=2  selected=1
  shard reduce 903/947: centers=6  selected=0
  shard reduce 904/947: centers=6  selected=0
  shard reduce 905/947: centers=6  selected=0
  shard reduce 906/947: centers=3  selected=0
  shard reduce 907/947: centers=5  selected=2
  shard reduce 908/947: centers=1  selected=0
  shard reduce 909/947: centers=1  selected=0
  shard reduce 910/947: centers=3  selected=0
  shard reduce 911/947: centers=2  selected=0
  shard reduce 912/947: centers=4  selected=0
  shard reduce 913/947: centers=3  selected=0
  shard reduce 914/947: centers=1  selected=0
  shard reduce 915/947: centers=1  selected=1
  shard reduce 916/947: centers=2  selected=0
  shard reduce 917/947: centers=6  selected=0
  shard reduce 918/947: centers=5  selected=0
  shard reduce 919/947: centers=3  selected=0
  shard reduce 920/947: centers=1  selected=0
  shard reduce 921/947: centers=1  selected=0
  shard reduce 922/947: centers=1  selected=0
  shard reduce 923/947: centers=2  selected=0
  shard reduce 924/947: centers=5  selected=0
  shard reduce 925/947: centers=4  selected=0
  shard reduce 926/947: centers=3  selected=0
  shard reduce 927/947: centers=1  selected=0
  shard reduce 928/947: centers=2  selected=0
  shard reduce 929/947: centers=1  selected=0
  shard reduce 930/947: centers=2  selected=0
  shard reduce 931/947: centers=4  selected=0
  shard reduce 932/947: centers=5  selected=0
  shard reduce 933/947: centers=1  selected=0
  shard reduce 934/947: centers=1  selected=0
  shard reduce 935/947: centers=2  selected=0
  shard reduce 936/947: centers=1  selected=0
  shard reduce 937/947: centers=2  selected=0
  shard reduce 938/947: centers=2  selected=0
  shard reduce 939/947: centers=3  selected=0
  shard reduce 940/947: centers=2  selected=0
  shard reduce 941/947: centers=2  selected=0
  shard reduce 942/947: centers=1  selected=0
  shard reduce 943/947: centers=1  selected=0
  shard reduce 944/947: centers=2  selected=0
  shard reduce 945/947: centers=2  selected=0
  shard reduce 946/947: centers=1  selected=0
  shard reduce 947/947: centers=1  selected=0
[Pass 1 terminé] durée totale=372.7s
  centres sélectionnés comptés : 18,199
  taille tmp actuelle          : 0.00 Go
[Pass 2A] Régénération sélective des offsets des centres retenus...
  worker done: offsets=8,341  x_done=50,000
  worker done: offsets=76,707  x_done=50,000
[Pass 2A terminé] durée=490.3s
[Pass 2B] Recombinaison exacte / relâchée par shard...
  shard recombine 1/828: centers=147  results=0
  shard recombine 2/828: centers=192  results=0
  shard recombine 3/828: centers=169  results=0
  shard recombine 4/828: centers=245  results=0
  shard recombine 5/828: centers=132  results=0
  shard recombine 6/828: centers=124  results=0
  shard recombine 7/828: centers=484  results=1
  shard recombine 8/828: centers=114  results=0
  shard recombine 9/828: centers=109  results=0
  shard recombine 10/828: centers=103  results=0
  shard recombine 11/828: centers=100  results=0
  shard recombine 12/828: centers=109  results=0
  shard recombine 13/828: centers=94  results=0
  shard recombine 14/828: centers=96  results=0
  shard recombine 15/828: centers=95  results=0
  shard recombine 16/828: centers=81  results=0
  shard recombine 17/828: centers=77  results=0
  shard recombine 18/828: centers=81  results=0
  shard recombine 19/828: centers=82  results=0
  shard recombine 20/828: centers=79  results=0
  shard recombine 21/828: centers=65  results=0
  shard recombine 22/828: centers=72  results=0
  shard recombine 23/828: centers=76  results=0
  shard recombine 24/828: centers=68  results=0
  shard recombine 25/828: centers=71  results=0
  shard recombine 26/828: centers=74  results=0
  shard recombine 27/828: centers=67  results=0
  shard recombine 28/828: centers=70  results=0
  shard recombine 29/828: centers=63  results=0
  shard recombine 30/828: centers=65  results=0
  shard recombine 31/828: centers=62  results=0
  shard recombine 32/828: centers=61  results=0
  shard recombine 33/828: centers=62  results=0
  shard recombine 34/828: centers=60  results=0
  shard recombine 35/828: centers=55  results=0
  shard recombine 36/828: centers=59  results=0
  shard recombine 37/828: centers=59  results=0
  shard recombine 38/828: centers=52  results=0
  shard recombine 39/828: centers=52  results=0
  shard recombine 40/828: centers=56  results=0
  shard recombine 41/828: centers=59  results=0
  shard recombine 42/828: centers=48  results=0
  shard recombine 43/828: centers=57  results=0
  shard recombine 44/828: centers=56  results=0
  shard recombine 45/828: centers=52  results=0
  shard recombine 46/828: centers=59  results=0
  shard recombine 47/828: centers=52  results=0
  shard recombine 48/828: centers=49  results=0
  shard recombine 49/828: centers=50  results=0
  shard recombine 50/828: centers=58  results=0
  shard recombine 51/828: centers=44  results=0
  shard recombine 52/828: centers=49  results=0
  shard recombine 53/828: centers=47  results=0
  shard recombine 54/828: centers=50  results=0
  shard recombine 55/828: centers=52  results=0
  shard recombine 56/828: centers=46  results=0
  shard recombine 57/828: centers=48  results=0
  shard recombine 58/828: centers=50  results=0
  shard recombine 59/828: centers=44  results=0
  shard recombine 60/828: centers=48  results=0
  shard recombine 61/828: centers=53  results=0
  shard recombine 62/828: centers=44  results=0
  shard recombine 63/828: centers=38  results=0
  shard recombine 64/828: centers=45  results=0
  shard recombine 65/828: centers=44  results=0
  shard recombine 66/828: centers=42  results=0
  shard recombine 67/828: centers=36  results=0
  shard recombine 68/828: centers=47  results=0
  shard recombine 69/828: centers=48  results=0
  shard recombine 70/828: centers=47  results=0
  shard recombine 71/828: centers=37  results=0
  shard recombine 72/828: centers=45  results=0
  shard recombine 73/828: centers=44  results=0
  shard recombine 74/828: centers=44  results=0
  shard recombine 75/828: centers=36  results=0
  shard recombine 76/828: centers=37  results=0
  shard recombine 77/828: centers=41  results=0
  shard recombine 78/828: centers=45  results=0
  shard recombine 79/828: centers=43  results=0
  shard recombine 80/828: centers=41  results=0
  shard recombine 81/828: centers=44  results=0
  shard recombine 82/828: centers=46  results=0
  shard recombine 83/828: centers=40  results=0
  shard recombine 84/828: centers=35  results=0
  shard recombine 85/828: centers=34  results=0
  shard recombine 86/828: centers=41  results=0
  shard recombine 87/828: centers=38  results=0
  shard recombine 88/828: centers=39  results=0
  shard recombine 89/828: centers=40  results=0
  shard recombine 90/828: centers=38  results=0
  shard recombine 91/828: centers=37  results=0
  shard recombine 92/828: centers=39  results=0
  shard recombine 93/828: centers=39  results=0
  shard recombine 94/828: centers=38  results=0
  shard recombine 95/828: centers=36  results=0
  shard recombine 96/828: centers=38  results=0
  shard recombine 97/828: centers=35  results=0
  shard recombine 98/828: centers=38  results=0
  shard recombine 99/828: centers=41  results=0
  shard recombine 100/828: centers=39  results=0
  shard recombine 101/828: centers=36  results=0
  shard recombine 102/828: centers=38  results=0
  shard recombine 103/828: centers=40  results=0
  shard recombine 104/828: centers=38  results=0
  shard recombine 105/828: centers=34  results=0
  shard recombine 106/828: centers=36  results=0
  shard recombine 107/828: centers=40  results=0
  shard recombine 108/828: centers=36  results=0
  shard recombine 109/828: centers=39  results=0
  shard recombine 110/828: centers=33  results=0
  shard recombine 111/828: centers=37  results=0
  shard recombine 112/828: centers=30  results=0
  shard recombine 113/828: centers=33  results=0
  shard recombine 114/828: centers=34  results=0
  shard recombine 115/828: centers=34  results=0
  shard recombine 116/828: centers=36  results=0
  shard recombine 117/828: centers=33  results=0
  shard recombine 118/828: centers=34  results=0
  shard recombine 119/828: centers=37  results=0
  shard recombine 120/828: centers=31  results=0
  shard recombine 121/828: centers=31  results=0
  shard recombine 122/828: centers=31  results=0
  shard recombine 123/828: centers=36  results=0
  shard recombine 124/828: centers=39  results=0
  shard recombine 125/828: centers=31  results=0
  shard recombine 126/828: centers=33  results=0
  shard recombine 127/828: centers=31  results=0
  shard recombine 128/828: centers=34  results=0
  shard recombine 129/828: centers=36  results=0
  shard recombine 130/828: centers=36  results=0
  shard recombine 131/828: centers=37  results=0
  shard recombine 132/828: centers=28  results=0
  shard recombine 133/828: centers=32  results=0
  shard recombine 134/828: centers=35  results=0
  shard recombine 135/828: centers=28  results=0
  shard recombine 136/828: centers=34  results=0
  shard recombine 137/828: centers=33  results=0
  shard recombine 138/828: centers=28  results=0
  shard recombine 139/828: centers=37  results=0
  shard recombine 140/828: centers=33  results=0
  shard recombine 141/828: centers=25  results=0
  shard recombine 142/828: centers=31  results=0
  shard recombine 143/828: centers=35  results=0
  shard recombine 144/828: centers=29  results=0
  shard recombine 145/828: centers=25  results=0
  shard recombine 146/828: centers=30  results=0
  shard recombine 147/828: centers=33  results=0
  shard recombine 148/828: centers=31  results=0
  shard recombine 149/828: centers=32  results=0
  shard recombine 150/828: centers=34  results=0
  shard recombine 151/828: centers=24  results=0
  shard recombine 152/828: centers=32  results=0
  shard recombine 153/828: centers=28  results=0
  shard recombine 154/828: centers=32  results=0
  shard recombine 155/828: centers=32  results=0
  shard recombine 156/828: centers=28  results=0
  shard recombine 157/828: centers=30  results=0
  shard recombine 158/828: centers=30  results=0
  shard recombine 159/828: centers=27  results=0
  shard recombine 160/828: centers=31  results=0
  shard recombine 161/828: centers=24  results=0
  shard recombine 162/828: centers=30  results=0
  shard recombine 163/828: centers=32  results=0
  shard recombine 164/828: centers=27  results=0
  shard recombine 165/828: centers=30  results=0
  shard recombine 166/828: centers=30  results=0
  shard recombine 167/828: centers=35  results=0
  shard recombine 168/828: centers=28  results=0
  shard recombine 169/828: centers=29  results=0
  shard recombine 170/828: centers=30  results=0
  shard recombine 171/828: centers=31  results=0
  shard recombine 172/828: centers=30  results=0
  shard recombine 173/828: centers=30  results=0
  shard recombine 174/828: centers=28  results=0
  shard recombine 175/828: centers=29  results=0
  shard recombine 176/828: centers=32  results=0
  shard recombine 177/828: centers=28  results=0
  shard recombine 178/828: centers=26  results=0
  shard recombine 179/828: centers=26  results=0
  shard recombine 180/828: centers=31  results=0
  shard recombine 181/828: centers=29  results=0
  shard recombine 182/828: centers=30  results=0
  shard recombine 183/828: centers=32  results=0
  shard recombine 184/828: centers=30  results=0
  shard recombine 185/828: centers=29  results=0
  shard recombine 186/828: centers=22  results=0
  shard recombine 187/828: centers=26  results=0
  shard recombine 188/828: centers=27  results=0
  shard recombine 189/828: centers=30  results=0
  shard recombine 190/828: centers=25  results=0
  shard recombine 191/828: centers=27  results=0
  shard recombine 192/828: centers=27  results=0
  shard recombine 193/828: centers=26  results=0
  shard recombine 194/828: centers=24  results=0
  shard recombine 195/828: centers=28  results=0
  shard recombine 196/828: centers=31  results=0
  shard recombine 197/828: centers=25  results=0
  shard recombine 198/828: centers=25  results=0
  shard recombine 199/828: centers=28  results=0
  shard recombine 200/828: centers=25  results=0
  shard recombine 201/828: centers=27  results=0
  shard recombine 202/828: centers=29  results=0
  shard recombine 203/828: centers=27  results=0
  shard recombine 204/828: centers=22  results=0
  shard recombine 205/828: centers=28  results=0
  shard recombine 206/828: centers=25  results=0
  shard recombine 207/828: centers=27  results=0
  shard recombine 208/828: centers=26  results=0
  shard recombine 209/828: centers=30  results=0
  shard recombine 210/828: centers=23  results=0
  shard recombine 211/828: centers=27  results=0
  shard recombine 212/828: centers=24  results=0
  shard recombine 213/828: centers=31  results=0
  shard recombine 214/828: centers=20  results=0
  shard recombine 215/828: centers=28  results=0
  shard recombine 216/828: centers=24  results=0
  shard recombine 217/828: centers=29  results=0
  shard recombine 218/828: centers=26  results=0
  shard recombine 219/828: centers=25  results=0
  shard recombine 220/828: centers=28  results=0
  shard recombine 221/828: centers=28  results=0
  shard recombine 222/828: centers=27  results=0
  shard recombine 223/828: centers=27  results=0
  shard recombine 224/828: centers=21  results=0
  shard recombine 225/828: centers=22  results=0
  shard recombine 226/828: centers=28  results=0
  shard recombine 227/828: centers=23  results=0
  shard recombine 228/828: centers=28  results=0
  shard recombine 229/828: centers=25  results=0
  shard recombine 230/828: centers=23  results=0
  shard recombine 231/828: centers=26  results=0
  shard recombine 232/828: centers=28  results=0
  shard recombine 233/828: centers=27  results=0
  shard recombine 234/828: centers=22  results=0
  shard recombine 235/828: centers=29  results=0
  shard recombine 236/828: centers=23  results=0
  shard recombine 237/828: centers=23  results=0
  shard recombine 238/828: centers=30  results=0
  shard recombine 239/828: centers=25  results=0
  shard recombine 240/828: centers=26  results=0
  shard recombine 241/828: centers=24  results=0
  shard recombine 242/828: centers=26  results=0
  shard recombine 243/828: centers=16  results=0
  shard recombine 244/828: centers=26  results=0
  shard recombine 245/828: centers=26  results=0
  shard recombine 246/828: centers=22  results=0
  shard recombine 247/828: centers=25  results=0
  shard recombine 248/828: centers=27  results=0
  shard recombine 249/828: centers=26  results=0
  shard recombine 250/828: centers=23  results=0
  shard recombine 251/828: centers=25  results=0
  shard recombine 252/828: centers=23  results=0
  shard recombine 253/828: centers=21  results=0
  shard recombine 254/828: centers=21  results=0
  shard recombine 255/828: centers=22  results=0
  shard recombine 256/828: centers=23  results=0
  shard recombine 257/828: centers=23  results=0
  shard recombine 258/828: centers=20  results=0
  shard recombine 259/828: centers=25  results=0
  shard recombine 260/828: centers=27  results=0
  shard recombine 261/828: centers=21  results=0
  shard recombine 262/828: centers=25  results=0
  shard recombine 263/828: centers=18  results=0
  shard recombine 264/828: centers=20  results=0
  shard recombine 265/828: centers=21  results=0
  shard recombine 266/828: centers=24  results=0
  shard recombine 267/828: centers=28  results=0
  shard recombine 268/828: centers=22  results=0
  shard recombine 269/828: centers=24  results=0
  shard recombine 270/828: centers=21  results=0
  shard recombine 271/828: centers=20  results=0
  shard recombine 272/828: centers=22  results=0
  shard recombine 273/828: centers=23  results=0
  shard recombine 274/828: centers=24  results=0
  shard recombine 275/828: centers=24  results=0
  shard recombine 276/828: centers=19  results=0
  shard recombine 277/828: centers=23  results=0
  shard recombine 278/828: centers=27  results=0
  shard recombine 279/828: centers=26  results=0
  shard recombine 280/828: centers=27  results=0
  shard recombine 281/828: centers=21  results=0
  shard recombine 282/828: centers=20  results=0
  shard recombine 283/828: centers=20  results=0
  shard recombine 284/828: centers=20  results=0
  shard recombine 285/828: centers=22  results=0
  shard recombine 286/828: centers=25  results=0
  shard recombine 287/828: centers=19  results=0
  shard recombine 288/828: centers=21  results=0
  shard recombine 289/828: centers=19  results=0
  shard recombine 290/828: centers=23  results=0
  shard recombine 291/828: centers=24  results=0
  shard recombine 292/828: centers=25  results=0
  shard recombine 293/828: centers=22  results=0
  shard recombine 294/828: centers=21  results=0
  shard recombine 295/828: centers=20  results=0
  shard recombine 296/828: centers=22  results=0
  shard recombine 297/828: centers=25  results=0
  shard recombine 298/828: centers=16  results=0
  shard recombine 299/828: centers=23  results=0
  shard recombine 300/828: centers=18  results=0
  shard recombine 301/828: centers=27  results=0
  shard recombine 302/828: centers=19  results=0
  shard recombine 303/828: centers=23  results=0
  shard recombine 304/828: centers=20  results=0
  shard recombine 305/828: centers=21  results=0
  shard recombine 306/828: centers=29  results=0
  shard recombine 307/828: centers=24  results=0
  shard recombine 308/828: centers=20  results=0
  shard recombine 309/828: centers=22  results=0
  shard recombine 310/828: centers=20  results=0
  shard recombine 311/828: centers=21  results=0
  shard recombine 312/828: centers=25  results=0
  shard recombine 313/828: centers=23  results=0
  shard recombine 314/828: centers=24  results=0
  shard recombine 315/828: centers=17  results=0
  shard recombine 316/828: centers=22  results=0
  shard recombine 317/828: centers=26  results=0
  shard recombine 318/828: centers=18  results=0
  shard recombine 319/828: centers=22  results=0
  shard recombine 320/828: centers=21  results=0
  shard recombine 321/828: centers=24  results=0
  shard recombine 322/828: centers=23  results=0
  shard recombine 323/828: centers=23  results=0
  shard recombine 324/828: centers=19  results=0
  shard recombine 325/828: centers=20  results=0
  shard recombine 326/828: centers=24  results=0
  shard recombine 327/828: centers=21  results=0
  shard recombine 328/828: centers=19  results=0
  shard recombine 329/828: centers=24  results=0
  shard recombine 330/828: centers=15  results=0
  shard recombine 331/828: centers=18  results=0
  shard recombine 332/828: centers=21  results=0
  shard recombine 333/828: centers=25  results=0
  shard recombine 334/828: centers=18  results=0
  shard recombine 335/828: centers=18  results=0
  shard recombine 336/828: centers=23  results=0
  shard recombine 337/828: centers=21  results=0
  shard recombine 338/828: centers=25  results=0
  shard recombine 339/828: centers=22  results=0
  shard recombine 340/828: centers=21  results=0
  shard recombine 341/828: centers=19  results=0
  shard recombine 342/828: centers=20  results=0
  shard recombine 343/828: centers=20  results=0
  shard recombine 344/828: centers=16  results=0
  shard recombine 345/828: centers=22  results=0
  shard recombine 346/828: centers=22  results=0
  shard recombine 347/828: centers=20  results=0
  shard recombine 348/828: centers=25  results=0
  shard recombine 349/828: centers=20  results=0
  shard recombine 350/828: centers=16  results=0
  shard recombine 351/828: centers=20  results=0
  shard recombine 352/828: centers=16  results=0
  shard recombine 353/828: centers=21  results=0
  shard recombine 354/828: centers=24  results=0
  shard recombine 355/828: centers=16  results=0
  shard recombine 356/828: centers=23  results=0
  shard recombine 357/828: centers=19  results=0
  shard recombine 358/828: centers=20  results=0
  shard recombine 359/828: centers=15  results=0
  shard recombine 360/828: centers=24  results=0
  shard recombine 361/828: centers=20  results=0
  shard recombine 362/828: centers=19  results=0
  shard recombine 363/828: centers=15  results=0
  shard recombine 364/828: centers=23  results=0
  shard recombine 365/828: centers=20  results=0
  shard recombine 366/828: centers=17  results=0
  shard recombine 367/828: centers=26  results=0
  shard recombine 368/828: centers=23  results=0
  shard recombine 369/828: centers=21  results=0
  shard recombine 370/828: centers=20  results=0
  shard recombine 371/828: centers=19  results=0
  shard recombine 372/828: centers=20  results=0
  shard recombine 373/828: centers=19  results=0
  shard recombine 374/828: centers=22  results=0
  shard recombine 375/828: centers=20  results=0
  shard recombine 376/828: centers=19  results=0
  shard recombine 377/828: centers=25  results=0
  shard recombine 378/828: centers=21  results=0
  shard recombine 379/828: centers=22  results=0
  shard recombine 380/828: centers=19  results=0
  shard recombine 381/828: centers=15  results=0
  shard recombine 382/828: centers=19  results=0
  shard recombine 383/828: centers=17  results=0
  shard recombine 384/828: centers=23  results=0
  shard recombine 385/828: centers=20  results=0
  shard recombine 386/828: centers=21  results=0
  shard recombine 387/828: centers=24  results=0
  shard recombine 388/828: centers=22  results=0
  shard recombine 389/828: centers=19  results=0
  shard recombine 390/828: centers=20  results=0
  shard recombine 391/828: centers=14  results=0
  shard recombine 392/828: centers=24  results=0
  shard recombine 393/828: centers=21  results=0
  shard recombine 394/828: centers=18  results=0
  shard recombine 395/828: centers=20  results=0
  shard recombine 396/828: centers=20  results=0
  shard recombine 397/828: centers=19  results=0
  shard recombine 398/828: centers=25  results=0
  shard recombine 399/828: centers=21  results=0
  shard recombine 400/828: centers=18  results=0
  shard recombine 401/828: centers=18  results=0
  shard recombine 402/828: centers=21  results=0
  shard recombine 403/828: centers=19  results=0
  shard recombine 404/828: centers=22  results=0
  shard recombine 405/828: centers=22  results=0
  shard recombine 406/828: centers=22  results=0
  shard recombine 407/828: centers=21  results=0
  shard recombine 408/828: centers=17  results=0
  shard recombine 409/828: centers=19  results=0
  shard recombine 410/828: centers=16  results=0
  shard recombine 411/828: centers=21  results=0
  shard recombine 412/828: centers=19  results=0
  shard recombine 413/828: centers=25  results=0
  shard recombine 414/828: centers=20  results=0
  shard recombine 415/828: centers=25  results=0
  shard recombine 416/828: centers=19  results=0
  shard recombine 417/828: centers=23  results=0
  shard recombine 418/828: centers=22  results=0
  shard recombine 419/828: centers=18  results=0
  shard recombine 420/828: centers=18  results=0
  shard recombine 421/828: centers=14  results=0
  shard recombine 422/828: centers=19  results=0
  shard recombine 423/828: centers=20  results=0
  shard recombine 424/828: centers=15  results=0
  shard recombine 425/828: centers=21  results=0
  shard recombine 426/828: centers=23  results=0
  shard recombine 427/828: centers=13  results=0
  shard recombine 428/828: centers=16  results=0
  shard recombine 429/828: centers=17  results=0
  shard recombine 430/828: centers=22  results=0
  shard recombine 431/828: centers=16  results=0
  shard recombine 432/828: centers=18  results=0
  shard recombine 433/828: centers=18  results=0
  shard recombine 434/828: centers=16  results=0
  shard recombine 435/828: centers=20  results=0
  shard recombine 436/828: centers=18  results=0
  shard recombine 437/828: centers=20  results=0
  shard recombine 438/828: centers=20  results=0
  shard recombine 439/828: centers=18  results=0
  shard recombine 440/828: centers=20  results=0
  shard recombine 441/828: centers=14  results=0
  shard recombine 442/828: centers=17  results=0
  shard recombine 443/828: centers=18  results=0
  shard recombine 444/828: centers=18  results=0
  shard recombine 445/828: centers=25  results=0
  shard recombine 446/828: centers=19  results=0
  shard recombine 447/828: centers=20  results=0
  shard recombine 448/828: centers=17  results=0
  shard recombine 449/828: centers=20  results=0
  shard recombine 450/828: centers=15  results=0
  shard recombine 451/828: centers=17  results=0
  shard recombine 452/828: centers=20  results=0
  shard recombine 453/828: centers=15  results=0
  shard recombine 454/828: centers=22  results=0
  shard recombine 455/828: centers=16  results=0
  shard recombine 456/828: centers=17  results=0
  shard recombine 457/828: centers=17  results=0
  shard recombine 458/828: centers=16  results=0
  shard recombine 459/828: centers=22  results=0
  shard recombine 460/828: centers=19  results=0
  shard recombine 461/828: centers=18  results=0
  shard recombine 462/828: centers=16  results=0
  shard recombine 463/828: centers=20  results=0
  shard recombine 464/828: centers=16  results=0
  shard recombine 465/828: centers=22  results=0
  shard recombine 466/828: centers=16  results=0
  shard recombine 467/828: centers=21  results=0
  shard recombine 468/828: centers=18  results=0
  shard recombine 469/828: centers=20  results=0
  shard recombine 470/828: centers=18  results=0
  shard recombine 471/828: centers=19  results=0
  shard recombine 472/828: centers=18  results=0
  shard recombine 473/828: centers=21  results=0
  shard recombine 474/828: centers=18  results=0
  shard recombine 475/828: centers=14  results=0
  shard recombine 476/828: centers=15  results=0
  shard recombine 477/828: centers=16  results=0
  shard recombine 478/828: centers=20  results=0
  shard recombine 479/828: centers=18  results=0
  shard recombine 480/828: centers=20  results=0
  shard recombine 481/828: centers=15  results=0
  shard recombine 482/828: centers=18  results=0
  shard recombine 483/828: centers=23  results=0
  shard recombine 484/828: centers=15  results=0
  shard recombine 485/828: centers=16  results=0
  shard recombine 486/828: centers=14  results=0
  shard recombine 487/828: centers=16  results=0
  shard recombine 488/828: centers=18  results=0
  shard recombine 489/828: centers=17  results=0
  shard recombine 490/828: centers=22  results=0
  shard recombine 491/828: centers=23  results=0
  shard recombine 492/828: centers=17  results=0
  shard recombine 493/828: centers=14  results=0
  shard recombine 494/828: centers=17  results=0
  shard recombine 495/828: centers=19  results=0
  shard recombine 496/828: centers=21  results=0
  shard recombine 497/828: centers=16  results=0
  shard recombine 498/828: centers=14  results=0
  shard recombine 499/828: centers=18  results=0
  shard recombine 500/828: centers=17  results=0
  shard recombine 501/828: centers=20  results=0
  shard recombine 502/828: centers=16  results=0
  shard recombine 503/828: centers=18  results=0
  shard recombine 504/828: centers=18  results=0
  shard recombine 505/828: centers=15  results=0
  shard recombine 506/828: centers=17  results=0
  shard recombine 507/828: centers=20  results=0
  shard recombine 508/828: centers=12  results=0
  shard recombine 509/828: centers=22  results=0
  shard recombine 510/828: centers=14  results=0
  shard recombine 511/828: centers=17  results=0
  shard recombine 512/828: centers=16  results=0
  shard recombine 513/828: centers=16  results=0
  shard recombine 514/828: centers=18  results=0
  shard recombine 515/828: centers=14  results=0
  shard recombine 516/828: centers=16  results=0
  shard recombine 517/828: centers=17  results=0
  shard recombine 518/828: centers=17  results=0
  shard recombine 519/828: centers=15  results=0
  shard recombine 520/828: centers=11  results=0
  shard recombine 521/828: centers=16  results=0
  shard recombine 522/828: centers=15  results=0
  shard recombine 523/828: centers=17  results=0
  shard recombine 524/828: centers=14  results=0
  shard recombine 525/828: centers=14  results=0
  shard recombine 526/828: centers=12  results=0
  shard recombine 527/828: centers=15  results=0
  shard recombine 528/828: centers=16  results=0
  shard recombine 529/828: centers=15  results=0
  shard recombine 530/828: centers=17  results=0
  shard recombine 531/828: centers=11  results=0
  shard recombine 532/828: centers=17  results=0
  shard recombine 533/828: centers=15  results=0
  shard recombine 534/828: centers=16  results=0
  shard recombine 535/828: centers=15  results=0
  shard recombine 536/828: centers=13  results=0
  shard recombine 537/828: centers=12  results=0
  shard recombine 538/828: centers=15  results=0
  shard recombine 539/828: centers=15  results=0
  shard recombine 540/828: centers=15  results=0
  shard recombine 541/828: centers=13  results=0
  shard recombine 542/828: centers=16  results=0
  shard recombine 543/828: centers=11  results=0
  shard recombine 544/828: centers=17  results=0
  shard recombine 545/828: centers=17  results=0
  shard recombine 546/828: centers=15  results=0
  shard recombine 547/828: centers=13  results=0
  shard recombine 548/828: centers=15  results=0
  shard recombine 549/828: centers=16  results=0
  shard recombine 550/828: centers=15  results=0
  shard recombine 551/828: centers=13  results=0
  shard recombine 552/828: centers=18  results=0
  shard recombine 553/828: centers=13  results=0
  shard recombine 554/828: centers=10  results=0
  shard recombine 555/828: centers=12  results=0
  shard recombine 556/828: centers=16  results=0
  shard recombine 557/828: centers=13  results=0
  shard recombine 558/828: centers=14  results=0
  shard recombine 559/828: centers=13  results=0
  shard recombine 560/828: centers=14  results=0
  shard recombine 561/828: centers=14  results=0
  shard recombine 562/828: centers=11  results=0
  shard recombine 563/828: centers=14  results=0
  shard recombine 564/828: centers=9  results=0
  shard recombine 565/828: centers=11  results=0
  shard recombine 566/828: centers=15  results=0
  shard recombine 567/828: centers=10  results=0
  shard recombine 568/828: centers=15  results=0
  shard recombine 569/828: centers=14  results=0
  shard recombine 570/828: centers=10  results=0
  shard recombine 571/828: centers=10  results=0
  shard recombine 572/828: centers=13  results=0
  shard recombine 573/828: centers=13  results=0
  shard recombine 574/828: centers=12  results=0
  shard recombine 575/828: centers=8  results=0
  shard recombine 576/828: centers=9  results=0
  shard recombine 577/828: centers=13  results=0
  shard recombine 578/828: centers=12  results=0
  shard recombine 579/828: centers=13  results=0
  shard recombine 580/828: centers=11  results=0
  shard recombine 581/828: centers=13  results=0
  shard recombine 582/828: centers=11  results=0
  shard recombine 583/828: centers=9  results=0
  shard recombine 584/828: centers=11  results=0
  shard recombine 585/828: centers=12  results=0
  shard recombine 586/828: centers=5  results=0
  shard recombine 587/828: centers=9  results=0
  shard recombine 588/828: centers=7  results=0
  shard recombine 589/828: centers=14  results=0
  shard recombine 590/828: centers=8  results=0
  shard recombine 591/828: centers=7  results=0
  shard recombine 592/828: centers=9  results=0
  shard recombine 593/828: centers=9  results=0
  shard recombine 594/828: centers=10  results=0
  shard recombine 595/828: centers=8  results=0
  shard recombine 596/828: centers=9  results=0
  shard recombine 597/828: centers=5  results=0
  shard recombine 598/828: centers=10  results=0
  shard recombine 599/828: centers=12  results=0
  shard recombine 600/828: centers=4  results=0
  shard recombine 601/828: centers=8  results=0
  shard recombine 602/828: centers=7  results=0
  shard recombine 603/828: centers=7  results=0
  shard recombine 604/828: centers=12  results=0
  shard recombine 605/828: centers=8  results=0
  shard recombine 606/828: centers=5  results=0
  shard recombine 607/828: centers=12  results=0
  shard recombine 608/828: centers=6  results=0
  shard recombine 609/828: centers=14  results=0
  shard recombine 610/828: centers=7  results=0
  shard recombine 611/828: centers=9  results=0
  shard recombine 612/828: centers=5  results=0
  shard recombine 613/828: centers=9  results=0
  shard recombine 614/828: centers=8  results=0
  shard recombine 615/828: centers=7  results=0
  shard recombine 616/828: centers=7  results=0
  shard recombine 617/828: centers=5  results=0
  shard recombine 618/828: centers=6  results=0
  shard recombine 619/828: centers=6  results=0
  shard recombine 620/828: centers=6  results=0
  shard recombine 621/828: centers=8  results=0
  shard recombine 622/828: centers=7  results=0
  shard recombine 623/828: centers=8  results=0
  shard recombine 624/828: centers=6  results=0
  shard recombine 625/828: centers=8  results=0
  shard recombine 626/828: centers=4  results=0
  shard recombine 627/828: centers=3  results=0
  shard recombine 628/828: centers=11  results=0
  shard recombine 629/828: centers=3  results=0
  shard recombine 630/828: centers=4  results=0
  shard recombine 631/828: centers=7  results=0
  shard recombine 632/828: centers=6  results=0
  shard recombine 633/828: centers=8  results=0
  shard recombine 634/828: centers=7  results=0
  shard recombine 635/828: centers=5  results=0
  shard recombine 636/828: centers=7  results=0
  shard recombine 637/828: centers=3  results=0
  shard recombine 638/828: centers=3  results=0
  shard recombine 639/828: centers=8  results=0
  shard recombine 640/828: centers=8  results=0
  shard recombine 641/828: centers=5  results=0
  shard recombine 642/828: centers=7  results=0
  shard recombine 643/828: centers=10  results=0
  shard recombine 644/828: centers=9  results=0
  shard recombine 645/828: centers=5  results=0
  shard recombine 646/828: centers=5  results=0
  shard recombine 647/828: centers=3  results=0
  shard recombine 648/828: centers=8  results=0
  shard recombine 649/828: centers=6  results=0
  shard recombine 650/828: centers=8  results=0
  shard recombine 651/828: centers=3  results=0
  shard recombine 652/828: centers=3  results=0
  shard recombine 653/828: centers=6  results=0
  shard recombine 654/828: centers=11  results=0
  shard recombine 655/828: centers=5  results=0
  shard recombine 656/828: centers=4  results=0
  shard recombine 657/828: centers=2  results=0
  shard recombine 658/828: centers=5  results=0
  shard recombine 659/828: centers=6  results=0
  shard recombine 660/828: centers=7  results=0
  shard recombine 661/828: centers=5  results=0
  shard recombine 662/828: centers=5  results=0
  shard recombine 663/828: centers=8  results=0
  shard recombine 664/828: centers=5  results=0
  shard recombine 665/828: centers=7  results=0
  shard recombine 666/828: centers=3  results=0
  shard recombine 667/828: centers=3  results=0
  shard recombine 668/828: centers=6  results=0
  shard recombine 669/828: centers=4  results=0
  shard recombine 670/828: centers=4  results=0
  shard recombine 671/828: centers=6  results=0
  shard recombine 672/828: centers=4  results=0
  shard recombine 673/828: centers=7  results=0
  shard recombine 674/828: centers=3  results=0
  shard recombine 675/828: centers=5  results=0
  shard recombine 676/828: centers=7  results=0
  shard recombine 677/828: centers=1  results=0
  shard recombine 678/828: centers=4  results=0
  shard recombine 679/828: centers=3  results=0
  shard recombine 680/828: centers=4  results=0
  shard recombine 681/828: centers=1  results=0
  shard recombine 682/828: centers=2  results=0
  shard recombine 683/828: centers=4  results=0
  shard recombine 684/828: centers=3  results=0
  shard recombine 685/828: centers=6  results=0
  shard recombine 686/828: centers=4  results=0
  shard recombine 687/828: centers=2  results=0
  shard recombine 688/828: centers=3  results=0
  shard recombine 689/828: centers=4  results=0
  shard recombine 690/828: centers=7  results=0
  shard recombine 691/828: centers=6  results=0
  shard recombine 692/828: centers=3  results=0
  shard recombine 693/828: centers=5  results=0
  shard recombine 694/828: centers=4  results=0
  shard recombine 695/828: centers=4  results=0
  shard recombine 696/828: centers=6  results=0
  shard recombine 697/828: centers=3  results=0
  shard recombine 698/828: centers=5  results=0
  shard recombine 699/828: centers=2  results=0
  shard recombine 700/828: centers=4  results=0
  shard recombine 701/828: centers=5  results=0
  shard recombine 702/828: centers=1  results=0
  shard recombine 703/828: centers=3  results=0
  shard recombine 704/828: centers=2  results=0
  shard recombine 705/828: centers=5  results=0
  shard recombine 706/828: centers=3  results=0
  shard recombine 707/828: centers=3  results=0
  shard recombine 708/828: centers=3  results=0
  shard recombine 709/828: centers=2  results=0
  shard recombine 710/828: centers=4  results=0
  shard recombine 711/828: centers=4  results=0
  shard recombine 712/828: centers=1  results=0
  shard recombine 713/828: centers=2  results=0
  shard recombine 714/828: centers=4  results=0
  shard recombine 715/828: centers=4  results=0
  shard recombine 716/828: centers=3  results=0
  shard recombine 717/828: centers=2  results=0
  shard recombine 718/828: centers=4  results=0
  shard recombine 719/828: centers=3  results=0
  shard recombine 720/828: centers=2  results=0
  shard recombine 721/828: centers=3  results=0
  shard recombine 722/828: centers=3  results=0
  shard recombine 723/828: centers=1  results=0
  shard recombine 724/828: centers=1  results=0
  shard recombine 725/828: centers=4  results=0
  shard recombine 726/828: centers=4  results=0
  shard recombine 727/828: centers=2  results=0
  shard recombine 728/828: centers=3  results=0
  shard recombine 729/828: centers=2  results=0
  shard recombine 730/828: centers=2  results=0
  shard recombine 731/828: centers=2  results=0
  shard recombine 732/828: centers=1  results=0
  shard recombine 733/828: centers=3  results=0
  shard recombine 734/828: centers=4  results=0
  shard recombine 735/828: centers=5  results=0
  shard recombine 736/828: centers=4  results=0
  shard recombine 737/828: centers=2  results=0
  shard recombine 738/828: centers=1  results=0
  shard recombine 739/828: centers=2  results=0
  shard recombine 740/828: centers=2  results=0
  shard recombine 741/828: centers=4  results=0
  shard recombine 742/828: centers=2  results=0
  shard recombine 743/828: centers=1  results=0
  shard recombine 744/828: centers=2  results=0
  shard recombine 745/828: centers=1  results=0
  shard recombine 746/828: centers=3  results=0
  shard recombine 747/828: centers=1  results=0
  shard recombine 748/828: centers=1  results=0
  shard recombine 749/828: centers=1  results=0
  shard recombine 750/828: centers=3  results=0
  shard recombine 751/828: centers=2  results=0
  shard recombine 752/828: centers=1  results=0
  shard recombine 753/828: centers=2  results=0
  shard recombine 754/828: centers=2  results=0
  shard recombine 755/828: centers=3  results=0
  shard recombine 756/828: centers=4  results=0
  shard recombine 757/828: centers=2  results=0
  shard recombine 758/828: centers=2  results=0
  shard recombine 759/828: centers=3  results=0
  shard recombine 760/828: centers=1  results=0
  shard recombine 761/828: centers=1  results=0
  shard recombine 762/828: centers=1  results=0
  shard recombine 763/828: centers=1  results=0
  shard recombine 764/828: centers=3  results=0
  shard recombine 765/828: centers=3  results=0
  shard recombine 766/828: centers=3  results=0
  shard recombine 767/828: centers=1  results=0
  shard recombine 768/828: centers=1  results=0
  shard recombine 769/828: centers=2  results=0
  shard recombine 770/828: centers=2  results=0
  shard recombine 771/828: centers=2  results=0
  shard recombine 772/828: centers=1  results=0
  shard recombine 773/828: centers=1  results=0
  shard recombine 774/828: centers=2  results=0
  shard recombine 775/828: centers=1  results=0
  shard recombine 776/828: centers=2  results=0
  shard recombine 777/828: centers=1  results=0
  shard recombine 778/828: centers=2  results=0
  shard recombine 779/828: centers=2  results=0
  shard recombine 780/828: centers=1  results=0
  shard recombine 781/828: centers=1  results=0
  shard recombine 782/828: centers=1  results=0
  shard recombine 783/828: centers=2  results=0
  shard recombine 784/828: centers=2  results=0
  shard recombine 785/828: centers=2  results=0
  shard recombine 786/828: centers=2  results=0
  shard recombine 787/828: centers=1  results=0
  shard recombine 788/828: centers=1  results=0
  shard recombine 789/828: centers=1  results=0
  shard recombine 790/828: centers=2  results=0
  shard recombine 791/828: centers=2  results=0
  shard recombine 792/828: centers=1  results=0
  shard recombine 793/828: centers=1  results=0
  shard recombine 794/828: centers=1  results=0
  shard recombine 795/828: centers=2  results=0
  shard recombine 796/828: centers=2  results=0
  shard recombine 797/828: centers=1  results=0
  shard recombine 798/828: centers=1  results=0
  shard recombine 799/828: centers=2  results=0
  shard recombine 800/828: centers=3  results=0
  shard recombine 801/828: centers=2  results=0
  shard recombine 802/828: centers=1  results=0
  shard recombine 803/828: centers=1  results=0
  shard recombine 804/828: centers=1  results=0
  shard recombine 805/828: centers=2  results=0
  shard recombine 806/828: centers=1  results=0
  shard recombine 807/828: centers=1  results=0
  shard recombine 808/828: centers=1  results=0
  shard recombine 809/828: centers=1  results=0
  shard recombine 810/828: centers=1  results=0
  shard recombine 811/828: centers=1  results=0
  shard recombine 812/828: centers=1  results=0
  shard recombine 813/828: centers=1  results=0
  shard recombine 814/828: centers=1  results=0
  shard recombine 815/828: centers=1  results=0
  shard recombine 816/828: centers=2  results=0
  shard recombine 817/828: centers=1  results=0
  shard recombine 818/828: centers=1  results=0
  shard recombine 819/828: centers=1  results=0
  shard recombine 820/828: centers=1  results=0
  shard recombine 821/828: centers=2  results=0
  shard recombine 822/828: centers=1  results=0
  shard recombine 823/828: centers=2  results=0
  shard recombine 824/828: centers=1  results=0
  shard recombine 825/828: centers=2  results=0
  shard recombine 826/828: centers=1  results=0
  shard recombine 827/828: centers=1  results=0
  shard recombine 828/828: centers=2  results=0
[Pass 2 terminé] durée totale=493.2s  résultats distincts=1

Terminé.
  durée totale          : 865.8s
  taille tmp            : 0.00 Go
  espace libre          : 716.1 Go
  statistiques globales :
    candidates_kept_relaxed7       : 1
    centers_no_candidate           : 18,198
    centers_seen                   : 73,990
    merged_duplicates              : 0
    merged_results                 : 1
    offset_rows_written            : 85,048
    pairs_seen                     : 122,640
    partial_bytes_deleted          : 9,112,458
    partial_files_deleted          : 2,903
    partial_rows_written           : 118,794
    reject_candidate_relaxed7      : 238,293
    reject_center_square           : 2,499,827,360
    reject_mode                    : 37,592
    results_written                : 1
    selected_centers               : 18,199
    selected_centers_counted       : 18,199
    shard_id                       : 792,938
    shards_touched                 : 4,088
    top_centers_written            : 11,850
    x_batches                      : 133
    x_done                         : 200,000
Résumé JSON écrit : logs\B2_v2_2_relaxed7_square_R100000_summary.json